#
# There is insufficient memory for the Java Runtime Environment to continue.
# Native memory allocation (malloc) failed to allocate 830336 bytes for Chunk::new
# Possible reasons:
#   The system is out of physical RAM or swap space
#   In 32 bit mode, the process size limit was hit
# Possible solutions:
#   Reduce memory load on the system
#   Increase physical memory or swap space
#   Check if swap backing store is full
#   Use 64 bit Java on a 64 bit OS
#   Decrease Java heap size (-Xmx/-Xms)
#   Decrease number of Java threads
#   Decrease Java thread stack sizes (-Xss)
#   Set larger code cache with -XX:ReservedCodeCacheSize=
# This output file may be truncated or incomplete.
#
#  Out of Memory Error (allocation.cpp:390), pid=192, tid=12176
#
# JRE version: Java(TM) SE Runtime Environment (8.0_71-b15) (build 1.8.0_71-b15)
# Java VM: Java HotSpot(TM) 64-Bit Server VM (25.71-b15 mixed mode windows-amd64 compressed oops)
# Failed to write core dump. Minidumps are not enabled by default on client versions of Windows
#

---------------  T H R E A D  ---------------

Current thread (0x0000000015560000):  JavaThread "C2 CompilerThread1" daemon [_thread_in_native, id=12176, stack(0x0000000016ca0000,0x0000000016da0000)]

Stack: [0x0000000016ca0000,0x0000000016da0000]
[error occurred during error reporting (printing stack bounds), id 0xc0000005]

Native frames: (J=compiled Java code, j=interpreted, Vv=VM code, C=native code)


Current CompileTask:
C2:   4667 1449       4       com.android.dx.ssa.SCCP::simulateStmt (481 bytes)


---------------  P R O C E S S  ---------------

Java Threads: ( => current thread )
  0x0000000017129800 JavaThread "pool-2-thread-4" [_thread_blocked, id=2884, stack(0x00000000178a0000,0x00000000179a0000)]
  0x0000000017128000 JavaThread "pool-2-thread-3" [_thread_in_Java, id=3924, stack(0x00000000177a0000,0x00000000178a0000)]
  0x0000000017117000 JavaThread "pool-2-thread-2" [_thread_in_Java, id=8836, stack(0x00000000176a0000,0x00000000177a0000)]
  0x000000001710e000 JavaThread "pool-3-thread-1" [_thread_blocked, id=3020, stack(0x00000000175a0000,0x00000000176a0000)]
  0x0000000017150000 JavaThread "pool-2-thread-1" [_thread_blocked, id=4576, stack(0x00000000174a0000,0x00000000175a0000)]
  0x0000000016ebd800 JavaThread "Service Thread" daemon [_thread_blocked, id=1336, stack(0x00000000172a0000,0x00000000173a0000)]
  0x00000000155b4800 JavaThread "C1 CompilerThread2" daemon [_thread_blocked, id=11964, stack(0x0000000016da0000,0x0000000016ea0000)]
=>0x0000000015560000 JavaThread "C2 CompilerThread1" daemon [_thread_in_native, id=12176, stack(0x0000000016ca0000,0x0000000016da0000)]
  0x000000001555d000 JavaThread "C2 CompilerThread0" daemon [_thread_in_native, id=12164, stack(0x0000000016ba0000,0x0000000016ca0000)]
  0x000000001555b000 JavaThread "Attach Listener" daemon [_thread_blocked, id=7916, stack(0x0000000016aa0000,0x0000000016ba0000)]
  0x0000000015559800 JavaThread "Signal Dispatcher" daemon [_thread_blocked, id=10336, stack(0x00000000169a0000,0x0000000016aa0000)]
  0x0000000002e80800 JavaThread "Finalizer" daemon [_thread_blocked, id=5408, stack(0x00000000167c0000,0x00000000168c0000)]
  0x0000000002e7d800 JavaThread "Reference Handler" daemon [_thread_blocked, id=10496, stack(0x00000000166c0000,0x00000000167c0000)]
  0x0000000002b8e000 JavaThread "main" [_thread_blocked, id=11388, stack(0x0000000002b90000,0x0000000002c90000)]

Other Threads:
  0x0000000015528000 VMThread [stack: 0x00000000165c0000,0x00000000166c0000] [id=1096]
  0x0000000016ec2800 WatcherThread [stack: 0x00000000173a0000,0x00000000174a0000] [id=468]

VM state:not at safepoint (normal execution)

VM Mutex/Monitor currently owned by a thread: None

Heap:
 PSYoungGen      total 38400K, used 7945K [0x00000000eab00000, 0x00000000ed580000, 0x0000000100000000)
  eden space 33280K, 8% used [0x00000000eab00000,0x00000000eadc6de0,0x00000000ecb80000)
  from space 5120K, 99% used [0x00000000ed080000,0x00000000ed57b7f0,0x00000000ed580000)
  to   space 5120K, 0% used [0x00000000ecb80000,0x00000000ecb80000,0x00000000ed080000)
 ParOldGen       total 87552K, used 6393K [0x00000000c0000000, 0x00000000c5580000, 0x00000000eab00000)
  object space 87552K, 7% used [0x00000000c0000000,0x00000000c063e4a8,0x00000000c5580000)
 Metaspace       used 6153K, capacity 7024K, committed 7296K, reserved 1056768K
  class space    used 603K, capacity 616K, committed 640K, reserved 1048576K

Card table byte_map: [0x0000000012250000,0x0000000012460000] byte_map_base: 0x0000000011c50000

Marking Bits: (ParMarkBitMap*) 0x000000006f7af600
 Begin Bits: [0x00000000129c0000, 0x00000000139c0000)
 End Bits:   [0x00000000139c0000, 0x00000000149c0000)

Polling page: 0x0000000002b00000

CodeCache: size=245760Kb used=6235Kb max_used=6235Kb free=239524Kb
 bounds [0x0000000002e90000, 0x00000000034b0000, 0x0000000011e90000]
 total_blobs=1747 nmethods=1476 adapters=182
 compilation: enabled

Compilation events (10 events):
Event: 4.132 Thread 0x00000000155b4800 1487       2       com.android.dx.rop.cst.StdConstantPool::get0Ok (12 bytes)
Event: 4.133 Thread 0x00000000155b4800 nmethod 1487 0x00000000034a4350 code [0x00000000034a4560, 0x00000000034a4cd8]
Event: 4.133 Thread 0x00000000155b4800 1489       1       com.android.dx.rop.cst.CstLiteral32::isCategory2 (2 bytes)
Event: 4.133 Thread 0x00000000155b4800 nmethod 1489 0x0000000003496890 code [0x00000000034969e0, 0x0000000003496af0]
Event: 4.133 Thread 0x00000000155b4800 1485       2       com.android.dx.ssa.SsaMethod::<init> (50 bytes)
Event: 4.134 Thread 0x00000000155b4800 nmethod 1485 0x0000000003496350 code [0x00000000034964c0, 0x0000000003496718]
Event: 4.134 Thread 0x00000000155b4800 1486       2       com.android.dx.ssa.LocalVariableExtractor::<init> (61 bytes)
Event: 4.134 Thread 0x00000000155b4800 nmethod 1486 0x0000000003495c50 code [0x0000000003495de0, 0x0000000003496168]
Event: 4.134 Thread 0x00000000155b4800 1491       2       com.android.dx.rop.code.RegisterSpec::withLocalItem (41 bytes)
Event: 4.135 Thread 0x00000000155b4800 nmethod 1491 0x00000000034a5610 code [0x00000000034a5780, 0x00000000034a59d8]

GC Heap History (4 events):
Event: 2.693 GC heap before
{Heap before GC invocations=1 (full 0):
 PSYoungGen      total 38400K, used 33280K [0x00000000eab00000, 0x00000000ed580000, 0x0000000100000000)
  eden space 33280K, 100% used [0x00000000eab00000,0x00000000ecb80000,0x00000000ecb80000)
  from space 5120K, 0% used [0x00000000ed080000,0x00000000ed080000,0x00000000ed580000)
  to   space 5120K, 0% used [0x00000000ecb80000,0x00000000ecb80000,0x00000000ed080000)
 ParOldGen       total 87552K, used 0K [0x00000000c0000000, 0x00000000c5580000, 0x00000000eab00000)
  object space 87552K, 0% used [0x00000000c0000000,0x00000000c0000000,0x00000000c5580000)
 Metaspace       used 5999K, capacity 6896K, committed 7040K, reserved 1056768K
  class space    used 599K, capacity 616K, committed 640K, reserved 1048576K
Event: 2.928 GC heap after
Heap after GC invocations=1 (full 0):
 PSYoungGen      total 38400K, used 5112K [0x00000000eab00000, 0x00000000ed580000, 0x0000000100000000)
  eden space 33280K, 0% used [0x00000000eab00000,0x00000000eab00000,0x00000000ecb80000)
  from space 5120K, 99% used [0x00000000ecb80000,0x00000000ed07e098,0x00000000ed080000)
  to   space 5120K, 0% used [0x00000000ed080000,0x00000000ed080000,0x00000000ed580000)
 ParOldGen       total 87552K, used 1326K [0x00000000c0000000, 0x00000000c5580000, 0x00000000eab00000)
  object space 87552K, 1% used [0x00000000c0000000,0x00000000c014bbb8,0x00000000c5580000)
 Metaspace       used 5999K, capacity 6896K, committed 7040K, reserved 1056768K
  class space    used 599K, capacity 616K, committed 640K, reserved 1048576K
}
Event: 4.389 GC heap before
{Heap before GC invocations=2 (full 0):
 PSYoungGen      total 38400K, used 38392K [0x00000000eab00000, 0x00000000ed580000, 0x0000000100000000)
  eden space 33280K, 100% used [0x00000000eab00000,0x00000000ecb80000,0x00000000ecb80000)
  from space 5120K, 99% used [0x00000000ecb80000,0x00000000ed07e098,0x00000000ed080000)
  to   space 5120K, 0% used [0x00000000ed080000,0x00000000ed080000,0x00000000ed580000)
 ParOldGen       total 87552K, used 1326K [0x00000000c0000000, 0x00000000c5580000, 0x00000000eab00000)
  object space 87552K, 1% used [0x00000000c0000000,0x00000000c014bbb8,0x00000000c5580000)
 Metaspace       used 6153K, capacity 7024K, committed 7296K, reserved 1056768K
  class space    used 603K, capacity 616K, committed 640K, reserved 1048576K
Event: 4.647 GC heap after
Heap after GC invocations=2 (full 0):
 PSYoungGen      total 38400K, used 5101K [0x00000000eab00000, 0x00000000ed580000, 0x0000000100000000)
  eden space 33280K, 0% used [0x00000000eab00000,0x00000000eab00000,0x00000000ecb80000)
  from space 5120K, 99% used [0x00000000ed080000,0x00000000ed57b7f0,0x00000000ed580000)
  to   space 5120K, 0% used [0x00000000ecb80000,0x00000000ecb80000,0x00000000ed080000)
 ParOldGen       total 87552K, used 6393K [0x00000000c0000000, 0x00000000c5580000, 0x00000000eab00000)
  object space 87552K, 7% used [0x00000000c0000000,0x00000000c063e4a8,0x00000000c5580000)
 Metaspace       used 6153K, capacity 7024K, committed 7296K, reserved 1056768K
  class space    used 603K, capacity 616K, committed 640K, reserved 1048576K
}

Deoptimization events (10 events):
Event: 2.486 Thread 0x0000000017129800 Uncommon trap: reason=unstable_if action=reinterpret pc=0x0000000003350984 method=com.android.dx.ssa.SCCP.simulateStmt(Lcom/android/dx/ssa/SsaInsn;)V @ 53
Event: 3.081 Thread 0x0000000017117000 Uncommon trap: reason=uninitialized action=reinterpret pc=0x00000000033655d0 method=com.android.dx.cf.code.BytecodeArray.parseInstruction(ILcom/android/dx/cf/code/BytecodeArray$Visitor;)I @ 999
Event: 3.132 Thread 0x0000000017117000 Uncommon trap: reason=bimorphic action=maybe_recompile pc=0x00000000030efa20 method=java.util.HashMap.getNode(ILjava/lang/Object;)Ljava/util/HashMap$Node; @ 126
Event: 3.138 Thread 0x0000000017117000 Uncommon trap: reason=unstable_if action=reinterpret pc=0x00000000031bc4ac method=com.android.dx.rop.code.RegisterSpecSet.put(Lcom/android/dx/rop/code/RegisterSpec;)V @ 77
Event: 3.139 Thread 0x0000000017117000 Uncommon trap: reason=unstable_if action=reinterpret pc=0x00000000032e566c method=com.android.dx.rop.code.RegisterSpecSet.put(Lcom/android/dx/rop/code/RegisterSpec;)V @ 77
Event: 3.140 Thread 0x0000000017117000 Uncommon trap: reason=bimorphic action=maybe_recompile pc=0x00000000030efa20 method=java.util.HashMap.getNode(ILjava/lang/Object;)Ljava/util/HashMap$Node; @ 126
Event: 3.140 Thread 0x0000000017117000 Uncommon trap: reason=bimorphic action=maybe_recompile pc=0x00000000030efa20 method=java.util.HashMap.getNode(ILjava/lang/Object;)Ljava/util/HashMap$Node; @ 126
Event: 3.140 Thread 0x0000000017117000 Uncommon trap: reason=bimorphic action=maybe_recompile pc=0x0000000003360ec8 method=java.util.HashMap.putVal(ILjava/lang/Object;Ljava/lang/Object;ZZ)Ljava/lang/Object; @ 203
Event: 3.244 Thread 0x0000000017117000 Uncommon trap: reason=bimorphic action=maybe_recompile pc=0x0000000003360ec8 method=java.util.HashMap.putVal(ILjava/lang/Object;Ljava/lang/Object;ZZ)Ljava/lang/Object; @ 203
Event: 3.244 Thread 0x0000000017117000 Uncommon trap: reason=bimorphic action=maybe_recompile pc=0x0000000003360ec8 method=java.util.HashMap.putVal(ILjava/lang/Object;Ljava/lang/Object;ZZ)Ljava/lang/Object; @ 203

Internal exceptions (3 events):
Event: 0.064 Thread 0x0000000002b8e000 Exception <a 'java/lang/NoSuchMethodError': Method sun.misc.Unsafe.defineClass(Ljava/lang/String;[BII)Ljava/lang/Class; name or signature does not match> (0x00000000eab0d9b8) thrown at [C:\re\workspace\8-2-build-windows-amd64-cygwin\jdk8u71\5731\hotspot\srLÒ4«ÎL°?
Event: 0.064 Thread 0x0000000002b8e000 Exception <a 'java/lang/NoSuchMethodError': Method sun.misc.Unsafe.prefetchRead(Ljava/lang/Object;J)V name or signature does not match> (0x00000000eab0dca0) thrown at [C:\re\workspace\8-2-build-windows-amd64-cygwin\jdk8u71\5731\hotspot\src\share\vm\prims\jó@ìÕËìþ?
Event: 1.933 Thread 0x0000000017129800 Implicit null exception at 0x00000000031b3ea2 to 0x00000000031b3f9a

Events (10 events):
Event: 4.120 loading class com/android/dx/dex/file/UniformListItem
Event: 4.120 loading class com/android/dx/dex/file/UniformListItem done
Event: 4.121 loading class com/android/dx/dex/file/AnnotationSetRefItem
Event: 4.121 loading class com/android/dx/dex/file/AnnotationSetRefItem done
Event: 4.123 loading class com/android/dx/cf/attrib/AttDeprecated
Event: 4.123 loading class com/android/dx/cf/attrib/AttDeprecated done
Event: 4.157 loading class com/android/dx/cf/attrib/AttRuntimeVisibleAnnotations
Event: 4.157 loading class com/android/dx/cf/attrib/AttRuntimeVisibleAnnotations done
Event: 4.162 Executing VM operation: ParallelGCFailedAllocation
Event: 4.647 Executing VM operation: ParallelGCFailedAllocation done


Dynamic libraries:
0x00007ff641170000 - 0x00007ff6411a7000 	C:\Program Files\Java\jdk1.8.0_71\bin\java.exe
0x00007ffd6ef70000 - 0x00007ffd6f131000 	C:\WINDOWS\SYSTEM32\ntdll.dll
0x00007ffd6e510000 - 0x00007ffd6e5bd000 	C:\WINDOWS\system32\KERNEL32.DLL
0x00007ffd6b620000 - 0x00007ffd6b808000 	C:\WINDOWS\system32\KERNELBASE.dll
0x00007ffd6c370000 - 0x00007ffd6c417000 	C:\WINDOWS\system32\ADVAPI32.dll
0x00007ffd6ec40000 - 0x00007ffd6ecdd000 	C:\WINDOWS\system32\msvcrt.dll
0x00007ffd6e0b0000 - 0x00007ffd6e10b000 	C:\WINDOWS\system32\sechost.dll
0x00007ffd6e340000 - 0x00007ffd6e45c000 	C:\WINDOWS\system32\RPCRT4.dll
0x00007ffd6df50000 - 0x00007ffd6e0a6000 	C:\WINDOWS\system32\USER32.dll
0x00007ffd6dc10000 - 0x00007ffd6dd96000 	C:\WINDOWS\system32\GDI32.dll
0x00007ffd5f640000 - 0x00007ffd5f8b4000 	C:\WINDOWS\WinSxS\amd64_microsoft.windows.common-controls_6595b64144ccf1df_6.0.10586.494_none_a2d8b04ea53e3145\COMCTL32.dll
0x00007ffd6ecf0000 - 0x00007ffd6ef6d000 	C:\WINDOWS\system32\combase.dll
0x00007ffd6b890000 - 0x00007ffd6b8fa000 	C:\WINDOWS\system32\bcryptPrimitives.dll
0x00007ffd6ea00000 - 0x00007ffd6ea3b000 	C:\WINDOWS\system32\IMM32.DLL
0x000000006eae0000 - 0x000000006ebb2000 	C:\Program Files\Java\jdk1.8.0_71\jre\bin\msvcr100.dll
0x000000006efa0000 - 0x000000006f82f000 	C:\Program Files\Java\jdk1.8.0_71\jre\bin\server\jvm.dll
0x00007ffd6ece0000 - 0x00007ffd6ece8000 	C:\WINDOWS\system32\PSAPI.DLL
0x00007ffd5d3c0000 - 0x00007ffd5d3c9000 	C:\WINDOWS\SYSTEM32\WSOCK32.dll
0x00007ffd6ebd0000 - 0x00007ffd6ec3b000 	C:\WINDOWS\system32\WS2_32.dll
0x00007ffd69c90000 - 0x00007ffd69cb3000 	C:\WINDOWS\SYSTEM32\WINMM.dll
0x00007ffd5d360000 - 0x00007ffd5d36a000 	C:\WINDOWS\SYSTEM32\VERSION.dll
0x00007ffd69c30000 - 0x00007ffd69c5c000 	C:\WINDOWS\SYSTEM32\WINMMBASE.dll
0x00007ffd6bb80000 - 0x00007ffd6bbc3000 	C:\WINDOWS\system32\cfgmgr32.dll
0x000000006ef90000 - 0x000000006ef9f000 	C:\Program Files\Java\jdk1.8.0_71\jre\bin\verify.dll
0x000000006ef60000 - 0x000000006ef89000 	C:\Program Files\Java\jdk1.8.0_71\jre\bin\java.dll
0x000000006ef40000 - 0x000000006ef56000 	C:\Program Files\Java\jdk1.8.0_71\jre\bin\zip.dll
0x00007ffd6c580000 - 0x00007ffd6dadc000 	C:\WINDOWS\system32\SHELL32.dll
0x00007ffd6bbd0000 - 0x00007ffd6c215000 	C:\WINDOWS\system32\windows.storage.dll
0x00007ffd6e110000 - 0x00007ffd6e162000 	C:\WINDOWS\system32\shlwapi.dll
0x00007ffd6b610000 - 0x00007ffd6b61f000 	C:\WINDOWS\system32\kernel.appcore.dll
0x00007ffd6c2b0000 - 0x00007ffd6c365000 	C:\WINDOWS\system32\shcore.dll
0x00007ffd6b5c0000 - 0x00007ffd6b60b000 	C:\WINDOWS\system32\powrprof.dll
0x00007ffd6b5a0000 - 0x00007ffd6b5b4000 	C:\WINDOWS\system32\profapi.dll

VM Arguments:
jvm_args: -Djava.awt.headless=true -Xmx1024M -Dfile.encoding=windows-1252 -Duser.country=US -Duser.language=en -Duser.variant 
java_command: com.android.dx.command.Main --dex --force-jumbo --num-threads=4 --multi-dex --output C:\Users\sfene_000\AndroidStudioProjects\Project_eCourage\app\build\intermediates\transforms\dex\debug\folders\1000\10\com.android.support-recyclerview-v7-24.0.0_032ca0dd73192aeafb4b743c92f7dffe47008295 C:\Users\sfene_000\AndroidStudioProjects\Project_eCourage\app\build\intermediates\exploded-aar\com.android.support\recyclerview-v7\24.0.0\jars\classes.jar
java_class_path (initial): C:\Users\sfene_000\AppData\Local\Android\sdk\build-tools\24.0.0\lib\dx.jar
Launcher Type: SUN_STANDARD

Environment Variables:
PATH=C:\Program Files\PHP\v7.0;C:\ProgramData\Oracle\Java\javapath;C:\Program Files (x86)\Intel\iCLS Client\;C:\Program Files\Intel\iCLS Client\;C:\WINDOWS\system32;C:\WINDOWS;C:\WINDOWS\System32\Wbem;C:\WINDOWS\System32\WindowsPowerShell\v1.0\;C:\Program Files\Intel\Intel(R) Management Engine Components\DAL;C:\Program Files\Intel\Intel(R) Management Engine Components\IPT;C:\Program Files (x86)\Intel\Intel(R) Management Engine Components\DAL;C:\Program Files (x86)\Intel\Intel(R) Management Engine Components\IPT;C:\Program Files\Intel\WiFi\bin\;C:\Program Files\Common Files\Intel\WirelessCommon\;C:\Program Files (x86)\QuickTime\QTSystem\;C:\Program Files (x86)\GtkSharp\2.12\bin;C:\Program Files (x86)\Skype\Phone\;C:\Program Files\Git\cmd;C:\Program Files\Microsoft\Web Platform Installer\;C:\Program Files\nodejs\;C:\Program Files (x86)\Heroku\bin;C:\Program Files (x86)\git\cmd;C:\Program Files (x86)\Git\cmd;C:\Users\sfene_000\AppData\Roaming\npm
USERNAME=sfene_000
OS=Windows_NT
PROCESSOR_IDENTIFIER=Intel64 Family 6 Model 69 Stepping 1, GenuineIntel



---------------  S Y S T E M  ---------------

OS: Windows 10.0 , 64 bit Build 10586 (10.0.10586.0)

CPU:total 4 (2 cores per cpu, 2 threads per core) family 6 model 69 stepping 1, cmov, cx8, fxsr, mmx, sse, sse2, sse3, ssse3, sse4.1, sse4.2, popcnt, avx, avx2, aes, clmul, erms, lzcnt, ht, tsc, tscinvbit, bmi1, bmi2

Memory: 4k page, physical 8301524k(1508908k free), swap 10256340k(5428k free)

vm_info: Java HotSpot(TM) 64-Bit Server VM (25.71-b15) for windows-amd64 JRE (1.8.0_71-b15), built on Dec 22 2015 18:15:55 by "java_re" with MS VC++ 10.0 (VS2010)

time: Fri Jul 29 11:42:07 2016
elapsed time: 4 seconds (0d 0h 0m 4s)

