#
# There is insufficient memory for the Java Runtime Environment to continue.
# Native memory allocation (malloc) failed to allocate 647696 bytes for Chunk::new
# Possible reasons:
#   The system is out of physical RAM or swap space
#   In 32 bit mode, the process size limit was hit
# Possible solutions:
#   Reduce memory load on the system
#   Increase physical memory or swap space
#   Check if swap backing store is full
#   Use 64 bit Java on a 64 bit OS
#   Decrease Java heap size (-Xmx/-Xms)
#   Decrease number of Java threads
#   Decrease Java thread stack sizes (-Xss)
#   Set larger code cache with -XX:ReservedCodeCacheSize=
# This output file may be truncated or incomplete.
#
#  Out of Memory Error (allocation.cpp:390), pid=12056, tid=5028
#
# JRE version: Java(TM) SE Runtime Environment (8.0_71-b15) (build 1.8.0_71-b15)
# Java VM: Java HotSpot(TM) 64-Bit Server VM (25.71-b15 mixed mode windows-amd64 compressed oops)
# Failed to write core dump. Minidumps are not enabled by default on client versions of Windows
#

---------------  T H R E A D  ---------------

Current thread (0x000000001567d000):  JavaThread "C2 CompilerThread0" daemon [_thread_in_native, id=5028, stack(0x0000000016cc0000,0x0000000016dc0000)]

Stack: [0x0000000016cc0000,0x0000000016dc0000]
[error occurred during error reporting (printing stack bounds), id 0xc0000005]

Native frames: (J=compiled Java code, j=interpreted, Vv=VM code, C=native code)


Current CompileTask:
C2:   6933 2063   !   4       com.android.dx.cf.code.BytecodeArray::parseInstruction (2764 bytes)


---------------  P R O C E S S  ---------------

Java Threads: ( => current thread )
  0x0000000017250800 JavaThread "pool-2-thread-4" [_thread_in_Java, id=12588, stack(0x00000000179c0000,0x0000000017ac0000)]
  0x000000001724f000 JavaThread "pool-2-thread-3" [_thread_in_Java, id=11316, stack(0x00000000178c0000,0x00000000179c0000)]
  0x000000001724e000 JavaThread "pool-2-thread-2" [_thread_in_Java, id=11628, stack(0x00000000177c0000,0x00000000178c0000)]
  0x000000001724a000 JavaThread "pool-3-thread-1" [_thread_blocked, id=12444, stack(0x00000000176c0000,0x00000000177c0000)]
  0x0000000017296800 JavaThread "pool-2-thread-1" [_thread_in_Java, id=9512, stack(0x00000000175c0000,0x00000000176c0000)]
  0x0000000016fc5800 JavaThread "Service Thread" daemon [_thread_blocked, id=12212, stack(0x00000000173c0000,0x00000000174c0000)]
  0x00000000156dc800 JavaThread "C1 CompilerThread2" daemon [_thread_blocked, id=5488, stack(0x0000000016ec0000,0x0000000016fc0000)]
  0x00000000156d9800 JavaThread "C2 CompilerThread1" daemon [_thread_in_native, id=6636, stack(0x0000000016dc0000,0x0000000016ec0000)]
=>0x000000001567d000 JavaThread "C2 CompilerThread0" daemon [_thread_in_native, id=5028, stack(0x0000000016cc0000,0x0000000016dc0000)]
  0x000000001567b000 JavaThread "Attach Listener" daemon [_thread_blocked, id=764, stack(0x0000000016bc0000,0x0000000016cc0000)]
  0x0000000015679800 JavaThread "Signal Dispatcher" daemon [_thread_blocked, id=8692, stack(0x0000000016ac0000,0x0000000016bc0000)]
  0x0000000002fa0800 JavaThread "Finalizer" daemon [_thread_blocked, id=5248, stack(0x00000000168e0000,0x00000000169e0000)]
  0x0000000002f9d800 JavaThread "Reference Handler" daemon [_thread_blocked, id=11256, stack(0x00000000167e0000,0x00000000168e0000)]
  0x0000000002cde000 JavaThread "main" [_thread_in_Java, id=9244, stack(0x0000000002db0000,0x0000000002eb0000)]

Other Threads:
  0x0000000015648000 VMThread [stack: 0x00000000166e0000,0x00000000167e0000] [id=12200]
  0x0000000016fdb000 WatcherThread [stack: 0x00000000174c0000,0x00000000175c0000] [id=9860]

VM state:not at safepoint (normal execution)

VM Mutex/Monitor currently owned by a thread: None

Heap:
 PSYoungGen      total 150016K, used 48013K [0x00000000eab00000, 0x00000000fe700000, 0x0000000100000000)
  eden space 130560K, 21% used [0x00000000eab00000,0x00000000ec6e97d8,0x00000000f2a80000)
  from space 19456K, 99% used [0x00000000f2a80000,0x00000000f3d79fa0,0x00000000f3d80000)
  to   space 31232K, 0% used [0x00000000fc880000,0x00000000fc880000,0x00000000fe700000)
 ParOldGen       total 87552K, used 34209K [0x00000000c0000000, 0x00000000c5580000, 0x00000000eab00000)
  object space 87552K, 39% used [0x00000000c0000000,0x00000000c2168740,0x00000000c5580000)
 Metaspace       used 6535K, capacity 7256K, committed 7424K, reserved 1056768K
  class space    used 622K, capacity 656K, committed 768K, reserved 1048576K

Card table byte_map: [0x0000000012370000,0x0000000012580000] byte_map_base: 0x0000000011d70000

Marking Bits: (ParMarkBitMap*) 0x00000000537ff600
 Begin Bits: [0x0000000012ae0000, 0x0000000013ae0000)
 End Bits:   [0x0000000013ae0000, 0x0000000014ae0000)

Polling page: 0x0000000001120000

CodeCache: size=245760Kb used=8575Kb max_used=8599Kb free=237184Kb
 bounds [0x0000000002fb0000, 0x0000000003820000, 0x0000000011fb0000]
 total_blobs=2333 nmethods=2063 adapters=182
 compilation: enabled

Compilation events (10 events):
Event: 6.835 Thread 0x00000000156dc800 2114 %     3       java.util.HashMap$HashIterator::nextNode @ 68 (100 bytes)
Event: 6.836 Thread 0x00000000156dc800 nmethod 2114% 0x00000000037fae10 code [0x00000000037fafc0, 0x00000000037fb4f8]
Event: 6.853 Thread 0x00000000156dc800 2115       2       java.util.DualPivotQuicksort::sort (614 bytes)
Event: 6.855 Thread 0x00000000156dc800 nmethod 2115 0x00000000037f2dd0 code [0x00000000037f3020, 0x00000000037f3d78]
Event: 6.855 Thread 0x00000000156dc800 2116       2       java.util.HashMap$TreeNode::getTreeNode (22 bytes)
Event: 6.855 Thread 0x00000000156dc800 nmethod 2116 0x00000000037fa950 code [0x00000000037faac0, 0x00000000037faca8]
Event: 6.860 Thread 0x00000000156dc800 2117       2       java.util.concurrent.locks.AbstractQueuedSynchronizer$ConditionObject::doSignal (43 bytes)
Event: 6.861 Thread 0x00000000156dc800 nmethod 2117 0x00000000037fa490 code [0x00000000037fa600, 0x00000000037fa848]
Event: 6.918 Thread 0x00000000156dc800 2119       2       java.util.concurrent.locks.AbstractQueuedSynchronizer::shouldParkAfterFailedAcquire (50 bytes)
Event: 6.919 Thread 0x00000000156dc800 nmethod 2119 0x00000000037f9f90 code [0x00000000037fa100, 0x00000000037fa330]

GC Heap History (10 events):
Event: 3.234 GC heap before
{Heap before GC invocations=3 (full 0):
 PSYoungGen      total 38400K, used 36266K [0x00000000eab00000, 0x00000000ef600000, 0x0000000100000000)
  eden space 33280K, 100% used [0x00000000eab00000,0x00000000ecb80000,0x00000000ecb80000)
  from space 5120K, 58% used [0x00000000ed080000,0x00000000ed36aa58,0x00000000ed580000)
  to   space 5120K, 0% used [0x00000000ecb80000,0x00000000ecb80000,0x00000000ed080000)
 ParOldGen       total 87552K, used 18K [0x00000000c0000000, 0x00000000c5580000, 0x00000000eab00000)
  object space 87552K, 0% used [0x00000000c0000000,0x00000000c0004850,0x00000000c5580000)
 Metaspace       used 6138K, capacity 7024K, committed 7296K, reserved 1056768K
  class space    used 601K, capacity 616K, committed 640K, reserved 1048576K
Event: 3.267 GC heap after
Heap after GC invocations=3 (full 0):
 PSYoungGen      total 38400K, used 5100K [0x00000000eab00000, 0x00000000ef600000, 0x0000000100000000)
  eden space 33280K, 0% used [0x00000000eab00000,0x00000000eab00000,0x00000000ecb80000)
  from space 5120K, 99% used [0x00000000ecb80000,0x00000000ed07b0e8,0x00000000ed080000)
  to   space 5120K, 0% used [0x00000000ef100000,0x00000000ef100000,0x00000000ef600000)
 ParOldGen       total 87552K, used 3494K [0x00000000c0000000, 0x00000000c5580000, 0x00000000eab00000)
  object space 87552K, 3% used [0x00000000c0000000,0x00000000c03698f8,0x00000000c5580000)
 Metaspace       used 6138K, capacity 7024K, committed 7296K, reserved 1056768K
  class space    used 601K, capacity 616K, committed 640K, reserved 1048576K
}
Event: 3.556 GC heap before
{Heap before GC invocations=4 (full 0):
 PSYoungGen      total 38400K, used 38380K [0x00000000eab00000, 0x00000000ef600000, 0x0000000100000000)
  eden space 33280K, 100% used [0x00000000eab00000,0x00000000ecb80000,0x00000000ecb80000)
  from space 5120K, 99% used [0x00000000ecb80000,0x00000000ed07b0e8,0x00000000ed080000)
  to   space 5120K, 0% used [0x00000000ef100000,0x00000000ef100000,0x00000000ef600000)
 ParOldGen       total 87552K, used 3494K [0x00000000c0000000, 0x00000000c5580000, 0x00000000eab00000)
  object space 87552K, 3% used [0x00000000c0000000,0x00000000c03698f8,0x00000000c5580000)
 Metaspace       used 6219K, capacity 7088K, committed 7296K, reserved 1056768K
  class space    used 602K, capacity 616K, committed 640K, reserved 1048576K
Event: 3.585 GC heap after
Heap after GC invocations=4 (full 0):
 PSYoungGen      total 71680K, used 5096K [0x00000000eab00000, 0x00000000ef600000, 0x0000000100000000)
  eden space 66560K, 0% used [0x00000000eab00000,0x00000000eab00000,0x00000000eec00000)
  from space 5120K, 99% used [0x00000000ef100000,0x00000000ef5fa130,0x00000000ef600000)
  to   space 5120K, 0% used [0x00000000eec00000,0x00000000eec00000,0x00000000ef100000)
 ParOldGen       total 87552K, used 8848K [0x00000000c0000000, 0x00000000c5580000, 0x00000000eab00000)
  object space 87552K, 10% used [0x00000000c0000000,0x00000000c08a42b0,0x00000000c5580000)
 Metaspace       used 6219K, capacity 7088K, committed 7296K, reserved 1056768K
  class space    used 602K, capacity 616K, committed 640K, reserved 1048576K
}
Event: 4.201 GC heap before
{Heap before GC invocations=5 (full 0):
 PSYoungGen      total 71680K, used 71656K [0x00000000eab00000, 0x00000000ef600000, 0x0000000100000000)
  eden space 66560K, 100% used [0x00000000eab00000,0x00000000eec00000,0x00000000eec00000)
  from space 5120K, 99% used [0x00000000ef100000,0x00000000ef5fa130,0x00000000ef600000)
  to   space 5120K, 0% used [0x00000000eec00000,0x00000000eec00000,0x00000000ef100000)
 ParOldGen       total 87552K, used 8848K [0x00000000c0000000, 0x00000000c5580000, 0x00000000eab00000)
  object space 87552K, 10% used [0x00000000c0000000,0x00000000c08a42b0,0x00000000c5580000)
 Metaspace       used 6269K, capacity 7152K, committed 7296K, reserved 1056768K
  class space    used 602K, capacity 616K, committed 640K, reserved 1048576K
Event: 4.335 GC heap after
Heap after GC invocations=5 (full 0):
 PSYoungGen      total 71680K, used 5112K [0x00000000eab00000, 0x00000000f4e00000, 0x0000000100000000)
  eden space 66560K, 0% used [0x00000000eab00000,0x00000000eab00000,0x00000000eec00000)
  from space 5120K, 99% used [0x00000000eec00000,0x00000000ef0fe2b8,0x00000000ef100000)
  to   space 16896K, 0% used [0x00000000f3d80000,0x00000000f3d80000,0x00000000f4e00000)
 ParOldGen       total 87552K, used 18372K [0x00000000c0000000, 0x00000000c5580000, 0x00000000eab00000)
  object space 87552K, 20% used [0x00000000c0000000,0x00000000c11f1398,0x00000000c5580000)
 Metaspace       used 6269K, capacity 7152K, committed 7296K, reserved 1056768K
  class space    used 602K, capacity 616K, committed 640K, reserved 1048576K
}
Event: 4.963 GC heap before
{Heap before GC invocations=6 (full 0):
 PSYoungGen      total 71680K, used 71672K [0x00000000eab00000, 0x00000000f4e00000, 0x0000000100000000)
  eden space 66560K, 100% used [0x00000000eab00000,0x00000000eec00000,0x00000000eec00000)
  from space 5120K, 99% used [0x00000000eec00000,0x00000000ef0fe2b8,0x00000000ef100000)
  to   space 16896K, 0% used [0x00000000f3d80000,0x00000000f3d80000,0x00000000f4e00000)
 ParOldGen       total 87552K, used 18372K [0x00000000c0000000, 0x00000000c5580000, 0x00000000eab00000)
  object space 87552K, 20% used [0x00000000c0000000,0x00000000c11f1398,0x00000000c5580000)
 Metaspace       used 6365K, capacity 7152K, committed 7296K, reserved 1056768K
  class space    used 602K, capacity 616K, committed 640K, reserved 1048576K
Event: 5.017 GC heap after
Heap after GC invocations=6 (full 0):
 PSYoungGen      total 147456K, used 15340K [0x00000000eab00000, 0x00000000f5300000, 0x0000000100000000)
  eden space 130560K, 0% used [0x00000000eab00000,0x00000000eab00000,0x00000000f2a80000)
  from space 16896K, 90% used [0x00000000f3d80000,0x00000000f4c7b030,0x00000000f4e00000)
  to   space 19456K, 0% used [0x00000000f2a80000,0x00000000f2a80000,0x00000000f3d80000)
 ParOldGen       total 87552K, used 18380K [0x00000000c0000000, 0x00000000c5580000, 0x00000000eab00000)
  object space 87552K, 20% used [0x00000000c0000000,0x00000000c11f3398,0x00000000c5580000)
 Metaspace       used 6365K, capacity 7152K, committed 7296K, reserved 1056768K
  class space    used 602K, capacity 616K, committed 640K, reserved 1048576K
}
Event: 6.597 GC heap before
{Heap before GC invocations=7 (full 0):
 PSYoungGen      total 147456K, used 145900K [0x00000000eab00000, 0x00000000f5300000, 0x0000000100000000)
  eden space 130560K, 100% used [0x00000000eab00000,0x00000000f2a80000,0x00000000f2a80000)
  from space 16896K, 90% used [0x00000000f3d80000,0x00000000f4c7b030,0x00000000f4e00000)
  to   space 19456K, 0% used [0x00000000f2a80000,0x00000000f2a80000,0x00000000f3d80000)
 ParOldGen       total 87552K, used 18380K [0x00000000c0000000, 0x00000000c5580000, 0x00000000eab00000)
  object space 87552K, 20% used [0x00000000c0000000,0x00000000c11f3398,0x00000000c5580000)
 Metaspace       used 6535K, capacity 7256K, committed 7424K, reserved 1056768K
  class space    used 622K, capacity 656K, committed 768K, reserved 1048576K
Event: 6.796 GC heap after
Heap after GC invocations=7 (full 0):
 PSYoungGen      total 150016K, used 19431K [0x00000000eab00000, 0x00000000fe700000, 0x0000000100000000)
  eden space 130560K, 0% used [0x00000000eab00000,0x00000000eab00000,0x00000000f2a80000)
  from space 19456K, 99% used [0x00000000f2a80000,0x00000000f3d79fa0,0x00000000f3d80000)
  to   space 31232K, 0% used [0x00000000fc880000,0x00000000fc880000,0x00000000fe700000)
 ParOldGen       total 87552K, used 34209K [0x00000000c0000000, 0x00000000c5580000, 0x00000000eab00000)
  object space 87552K, 39% used [0x00000000c0000000,0x00000000c2168740,0x00000000c5580000)
 Metaspace       used 6535K, capacity 7256K, committed 7424K, reserved 1056768K
  class space    used 622K, capacity 656K, committed 768K, reserved 1048576K
}

Deoptimization events (10 events):
Event: 4.074 Thread 0x000000001724f000 Uncommon trap: reason=bimorphic action=maybe_recompile pc=0x000000000360e170 method=com.android.dx.cf.code.BytecodeArray.parseInstruction(ILcom/android/dx/cf/code/BytecodeArray$Visitor;)I @ 1130
Event: 4.557 Thread 0x000000001724e000 Uncommon trap: reason=unstable_if action=reinterpret pc=0x0000000003659cc0 method=com.android.dx.ssa.SCCP.simulateStmt(Lcom/android/dx/ssa/SsaInsn;)V @ 53
Event: 4.594 Thread 0x000000001724e000 Uncommon trap: reason=class_check action=maybe_recompile pc=0x000000000341457c method=java.util.HashMap.putVal(ILjava/lang/Object;Ljava/lang/Object;ZZ)Ljava/lang/Object; @ 203
Event: 5.460 Thread 0x000000001724e000 Uncommon trap: reason=unstable_if action=reinterpret pc=0x00000000032b3b88 method=java.util.HashMap.putVal(ILjava/lang/Object;Ljava/lang/Object;ZZ)Ljava/lang/Object; @ 162
Event: 5.470 Thread 0x000000001724e000 Uncommon trap: reason=unstable_if action=reinterpret pc=0x0000000003758ed4 method=java.util.HashMap.getNode(ILjava/lang/Object;)Ljava/util/HashMap$Node; @ 84
Event: 5.694 Thread 0x000000001724e000 Uncommon trap: reason=bimorphic action=maybe_recompile pc=0x000000000371e758 method=com.android.dx.cf.code.BytecodeArray.parseInstruction(ILcom/android/dx/cf/code/BytecodeArray$Visitor;)I @ 1161
Event: 5.694 Thread 0x000000001724e000 Uncommon trap: reason=bimorphic action=maybe_recompile pc=0x000000000371e758 method=com.android.dx.cf.code.BytecodeArray.parseInstruction(ILcom/android/dx/cf/code/BytecodeArray$Visitor;)I @ 1161
Event: 5.714 Thread 0x0000000017296800 Uncommon trap: reason=unstable_if action=reinterpret pc=0x0000000003767f6c method=java.util.HashMap.putVal(ILjava/lang/Object;Ljava/lang/Object;ZZ)Ljava/lang/Object; @ 109
Event: 6.063 Thread 0x0000000002cde000 Uncommon trap: reason=unstable_if action=reinterpret pc=0x000000000339d6b4 method=com.android.dx.ssa.SsaMethod.getExitBlock()Lcom/android/dx/ssa/SsaBasicBlock; @ 4
Event: 6.063 Thread 0x0000000002cde000 Uncommon trap: reason=unstable_if action=reinterpret pc=0x00000000032582b4 method=com.android.dx.ssa.SsaMethod.getExitBlock()Lcom/android/dx/ssa/SsaBasicBlock; @ 4

Internal exceptions (6 events):
Event: 0.081 Thread 0x0000000002cde000 Exception <a 'java/lang/NoSuchMethodError': Method sun.misc.Unsafe.defineClass(Ljava/lang/String;[BII)Ljava/lang/Class; name or signature does not match> (0x00000000eab0d9a0) thrown at [C:\re\workspace\8-2-build-windows-amd64-cygwin\jdk8u71\5731\hotspot\sr+F[‹~À´?
Event: 0.081 Thread 0x0000000002cde000 Exception <a 'java/lang/NoSuchMethodError': Method sun.misc.Unsafe.prefetchRead(Ljava/lang/Object;J)V name or signature does not match> (0x00000000eab0dc88) thrown at [C:\re\workspace\8-2-build-windows-amd64-cygwin\jdk8u71\5731\hotspot\src\share\vm\prims\jä˜ÂÐ/@
Event: 2.648 Thread 0x000000001724f000 Implicit null exception at 0x000000000329bc62 to 0x000000000329bd69
Event: 5.462 Thread 0x000000001724e000 Exception <a 'java/lang/ArrayIndexOutOfBoundsException': 18> (0x00000000edeea6f8) thrown at [C:\re\workspace\8-2-build-windows-amd64-cygwin\jdk8u71\5731\hotspot\src\share\vm\interpreter\interpreterRuntime.cpp, line 366]
Event: 5.462 Thread 0x000000001724e000 Exception <a 'java/lang/ArrayIndexOutOfBoundsException': 145> (0x00000000edeec278) thrown at [C:\re\workspace\8-2-build-windows-amd64-cygwin\jdk8u71\5731\hotspot\src\share\vm\interpreter\interpreterRuntime.cpp, line 366]
Event: 5.463 Thread 0x000000001724e000 Exception <a 'java/lang/ArrayIndexOutOfBoundsException'> (0x00000000edeed560) thrown at [C:\re\workspace\8-2-build-windows-amd64-cygwin\jdk8u71\5731\hotspot\src\share\vm\runtime\sharedRuntime.cpp, line 605]

Events (10 events):
Event: 6.063 Thread 0x0000000002cde000 DEOPT UNPACKING pc=0x0000000002ff582a sp=0x0000000002eae4a8 mode 2
Event: 6.063 Thread 0x0000000002cde000 Uncommon trap: trap_request=0xffffff65 fr.pc=0x00000000032582b4
Event: 6.063 Thread 0x0000000002cde000 DEOPT PACKING pc=0x00000000032582b4 sp=0x0000000002eae4e0
Event: 6.063 Thread 0x0000000002cde000 DEOPT UNPACKING pc=0x0000000002ff582a sp=0x0000000002eae498 mode 2
Event: 6.207 Thread 0x0000000002cde000 DEOPT PACKING pc=0x00000000037c1432 sp=0x0000000002eae480
Event: 6.207 Thread 0x0000000002cde000 DEOPT UNPACKING pc=0x0000000002ff787f sp=0x0000000002eae260 mode 0
Event: 6.262 Thread 0x0000000002cde000 DEOPT PACKING pc=0x000000000361c768 sp=0x0000000002eaf020
Event: 6.263 Thread 0x0000000002cde000 DEOPT UNPACKING pc=0x0000000002ff787f sp=0x0000000002eaece8 mode 0
Event: 6.594 Executing VM operation: ParallelGCFailedAllocation
Event: 6.796 Executing VM operation: ParallelGCFailedAllocation done


Dynamic libraries:
0x00007ff6984a0000 - 0x00007ff6984d7000 	C:\Program Files\Java\jdk1.8.0_71\bin\java.exe
0x00007ffe05600000 - 0x00007ffe057c1000 	C:\WINDOWS\SYSTEM32\ntdll.dll
0x00007ffe04bd0000 - 0x00007ffe04c7d000 	C:\WINDOWS\system32\KERNEL32.DLL
0x00007ffe01e10000 - 0x00007ffe01ff8000 	C:\WINDOWS\system32\KERNELBASE.dll
0x00007ffe04f60000 - 0x00007ffe05007000 	C:\WINDOWS\system32\ADVAPI32.dll
0x00007ffe04720000 - 0x00007ffe047bd000 	C:\WINDOWS\system32\msvcrt.dll
0x00007ffe046c0000 - 0x00007ffe0471b000 	C:\WINDOWS\system32\sechost.dll
0x00007ffe04e40000 - 0x00007ffe04f5c000 	C:\WINDOWS\system32\RPCRT4.dll
0x00007ffe05070000 - 0x00007ffe051c6000 	C:\WINDOWS\system32\USER32.dll
0x00007ffe047d0000 - 0x00007ffe04956000 	C:\WINDOWS\system32\GDI32.dll
0x00007ffdf51e0000 - 0x00007ffdf5454000 	C:\WINDOWS\WinSxS\amd64_microsoft.windows.common-controls_6595b64144ccf1df_6.0.10586.494_none_a2d8b04ea53e3145\COMCTL32.dll
0x00007ffe05250000 - 0x00007ffe054cd000 	C:\WINDOWS\system32\combase.dll
0x00007ffe027c0000 - 0x00007ffe0282a000 	C:\WINDOWS\system32\bcryptPrimitives.dll
0x00007ffe02a00000 - 0x00007ffe02a3b000 	C:\WINDOWS\system32\IMM32.DLL
0x0000000052b30000 - 0x0000000052c02000 	C:\Program Files\Java\jdk1.8.0_71\jre\bin\msvcr100.dll
0x0000000052ff0000 - 0x000000005387f000 	C:\Program Files\Java\jdk1.8.0_71\jre\bin\server\jvm.dll
0x00007ffe051d0000 - 0x00007ffe051d8000 	C:\WINDOWS\system32\PSAPI.DLL
0x00007ffe00380000 - 0x00007ffe00389000 	C:\WINDOWS\SYSTEM32\WSOCK32.dll
0x00007ffe04dd0000 - 0x00007ffe04e3b000 	C:\WINDOWS\system32\WS2_32.dll
0x00007ffe00320000 - 0x00007ffe00343000 	C:\WINDOWS\SYSTEM32\WINMM.dll
0x00007ffdf4ae0000 - 0x00007ffdf4aea000 	C:\WINDOWS\SYSTEM32\VERSION.dll
0x00007ffe002f0000 - 0x00007ffe0031c000 	C:\WINDOWS\SYSTEM32\WINMMBASE.dll
0x00007ffe02120000 - 0x00007ffe02163000 	C:\WINDOWS\system32\cfgmgr32.dll
0x0000000052fe0000 - 0x0000000052fef000 	C:\Program Files\Java\jdk1.8.0_71\jre\bin\verify.dll
0x0000000052fb0000 - 0x0000000052fd9000 	C:\Program Files\Java\jdk1.8.0_71\jre\bin\java.dll
0x0000000052f90000 - 0x0000000052fa6000 	C:\Program Files\Java\jdk1.8.0_71\jre\bin\zip.dll
0x00007ffe02fa0000 - 0x00007ffe044fc000 	C:\WINDOWS\system32\SHELL32.dll
0x00007ffe02170000 - 0x00007ffe027b5000 	C:\WINDOWS\system32\windows.storage.dll
0x00007ffe02e90000 - 0x00007ffe02ee2000 	C:\WINDOWS\system32\shlwapi.dll
0x00007ffe01c40000 - 0x00007ffe01c4f000 	C:\WINDOWS\system32\kernel.appcore.dll
0x00007ffe02060000 - 0x00007ffe02115000 	C:\WINDOWS\system32\shcore.dll
0x00007ffe01c60000 - 0x00007ffe01cab000 	C:\WINDOWS\system32\powrprof.dll
0x00007ffe01c20000 - 0x00007ffe01c34000 	C:\WINDOWS\system32\profapi.dll

VM Arguments:
jvm_args: -Djava.awt.headless=true -Xmx1024M -Dfile.encoding=windows-1252 -Duser.country=US -Duser.language=en -Duser.variant 
java_command: com.android.dx.command.Main --dex --force-jumbo --num-threads=4 --multi-dex --output C:\Users\sfene_000\AndroidStudioProjects\Project_eCourage\app\build\intermediates\transforms\dex\debug\folders\1000\10\com.android.support-support-v4-24.0.0_8f35f290fd30edfac89b03a4b7a54c4c06168d49 C:\Users\sfene_000\AndroidStudioProjects\Project_eCourage\app\build\intermediates\exploded-aar\com.android.support\support-v4\24.0.0\jars\classes.jar
java_class_path (initial): C:\Users\sfene_000\AppData\Local\Android\sdk\build-tools\24.0.0\lib\dx.jar
Launcher Type: SUN_STANDARD

Environment Variables:
PATH=C:\Program Files\PHP\v7.0;C:\ProgramData\Oracle\Java\javapath;C:\Program Files (x86)\Intel\iCLS Client\;C:\Program Files\Intel\iCLS Client\;C:\WINDOWS\system32;C:\WINDOWS;C:\WINDOWS\System32\Wbem;C:\WINDOWS\System32\WindowsPowerShell\v1.0\;C:\Program Files\Intel\Intel(R) Management Engine Components\DAL;C:\Program Files\Intel\Intel(R) Management Engine Components\IPT;C:\Program Files (x86)\Intel\Intel(R) Management Engine Components\DAL;C:\Program Files (x86)\Intel\Intel(R) Management Engine Components\IPT;C:\Program Files\Intel\WiFi\bin\;C:\Program Files\Common Files\Intel\WirelessCommon\;C:\Program Files (x86)\QuickTime\QTSystem\;C:\Program Files (x86)\GtkSharp\2.12\bin;C:\Program Files (x86)\Skype\Phone\;C:\Program Files\Git\cmd;C:\Program Files\Microsoft\Web Platform Installer\;C:\Program Files\nodejs\;C:\Program Files (x86)\Heroku\bin;C:\Program Files (x86)\git\cmd;C:\Program Files (x86)\Git\cmd;C:\Users\sfene_000\AppData\Roaming\npm
USERNAME=sfene_000
OS=Windows_NT
PROCESSOR_IDENTIFIER=Intel64 Family 6 Model 69 Stepping 1, GenuineIntel



---------------  S Y S T E M  ---------------

OS: Windows 10.0 , 64 bit Build 10586 (10.0.10586.0)

CPU:total 4 (2 cores per cpu, 2 threads per core) family 6 model 69 stepping 1, cmov, cx8, fxsr, mmx, sse, sse2, sse3, ssse3, sse4.1, sse4.2, popcnt, avx, avx2, aes, clmul, erms, lzcnt, ht, tsc, tscinvbit, bmi1, bmi2

Memory: 4k page, physical 8301524k(1144656k free), swap 10256340k(4952k free)

vm_info: Java HotSpot(TM) 64-Bit Server VM (25.71-b15) for windows-amd64 JRE (1.8.0_71-b15), built on Dec 22 2015 18:15:55 by "java_re" with MS VC++ 10.0 (VS2010)

time: Tue Aug 23 11:41:09 2016
elapsed time: 6 seconds (0d 0h 0m 6s)

