#
# There is insufficient memory for the Java Runtime Environment to continue.
# Native memory allocation (malloc) failed to allocate 1048576 bytes for AllocateHeap
# Possible reasons:
#   The system is out of physical RAM or swap space
#   In 32 bit mode, the process size limit was hit
# Possible solutions:
#   Reduce memory load on the system
#   Increase physical memory or swap space
#   Check if swap backing store is full
#   Use 64 bit Java on a 64 bit OS
#   Decrease Java heap size (-Xmx/-Xms)
#   Decrease number of Java threads
#   Decrease Java thread stack sizes (-Xss)
#   Set larger code cache with -XX:ReservedCodeCacheSize=
# This output file may be truncated or incomplete.
#
#  Out of Memory Error (memory/allocation.inline.hpp:61), pid=10440, tid=3204
#
# JRE version:  (8.0_71-b15) (build )
# Java VM: Java HotSpot(TM) 64-Bit Server VM (25.71-b15 mixed mode windows-amd64 compressed oops)
# Failed to write core dump. Minidumps are not enabled by default on client versions of Windows
#

---------------  T H R E A D  ---------------

Current thread (0x0000000002f6e000):  JavaThread "Unknown thread" [_thread_in_vm, id=3204, stack(0x0000000002d90000,0x0000000002e90000)]

Stack: [0x0000000002d90000,0x0000000002e90000]
[error occurred during error reporting (printing stack bounds), id 0xc0000005]

Native frames: (J=compiled Java code, j=interpreted, Vv=VM code, C=native code)


---------------  P R O C E S S  ---------------

Java Threads: ( => current thread )

Other Threads:

=>0x0000000002f6e000 (exited) JavaThread "Unknown thread" [_thread_in_vm, id=3204, stack(0x0000000002d90000,0x0000000002e90000)]

VM state:not at safepoint (normal execution)

VM Mutex/Monitor currently owned by a thread: None

Heap:
 PSYoungGen      total 38400K, used 665K [0x00000000eab00000, 0x00000000ed580000, 0x0000000100000000)
  eden space 33280K, 2% used [0x00000000eab00000,0x00000000eaba6670,0x00000000ecb80000)
  from space 5120K, 0% used [0x00000000ed080000,0x00000000ed080000,0x00000000ed580000)
  to   space 5120K, 0% used [0x00000000ecb80000,0x00000000ecb80000,0x00000000ed080000)
 ParOldGen       total 87552K, used 0K [0x00000000c0000000, 0x00000000c5580000, 0x00000000eab00000)
  object space 87552K, 0% used [0x00000000c0000000,0x00000000c0000000,0x00000000c5580000)
 Metaspace       used 769K, capacity 4480K, committed 4480K, reserved 1056768K
  class space    used 75K, capacity 384K, committed 384K, reserved 1048576K

Card table byte_map: [0x0000000012430000,0x0000000012640000] byte_map_base: 0x0000000011e30000

Marking Bits: (ParMarkBitMap*) 0x0000000068b0f600
 Begin Bits: [0x0000000012ba0000, 0x0000000013ba0000)
 End Bits:   [0x0000000013ba0000, 0x0000000014ba0000)

Polling page: 0x0000000001110000

CodeCache: size=245760Kb used=328Kb max_used=328Kb free=245431Kb
 bounds [0x0000000003070000, 0x00000000032e0000, 0x0000000012070000]
 total_blobs=57 nmethods=0 adapters=37
 compilation: enabled

Compilation events (0 events):
No events

GC Heap History (0 events):
No events

Deoptimization events (0 events):
No events

Internal exceptions (0 events):
No events

Events (10 events):
Event: 0.034 loading class java/lang/Short
Event: 0.034 loading class java/lang/Short done
Event: 0.034 loading class java/lang/Integer
Event: 0.034 loading class java/lang/Integer done
Event: 0.034 loading class java/lang/Long
Event: 0.034 loading class java/lang/Long done
Event: 0.035 loading class java/lang/NullPointerException
Event: 0.035 loading class java/lang/NullPointerException done
Event: 0.035 loading class java/lang/ArithmeticException
Event: 0.035 loading class java/lang/ArithmeticException done


Dynamic libraries:
0x00007ff736ab0000 - 0x00007ff736ae7000 	C:\Program Files\Java\jdk1.8.0_71\bin\java.exe
0x00007ff985e50000 - 0x00007ff986011000 	C:\WINDOWS\SYSTEM32\ntdll.dll
0x00007ff985960000 - 0x00007ff985a0d000 	C:\WINDOWS\system32\KERNEL32.DLL
0x00007ff9825b0000 - 0x00007ff982798000 	C:\WINDOWS\system32\KERNELBASE.dll
0x00007ff9857f0000 - 0x00007ff985897000 	C:\WINDOWS\system32\ADVAPI32.dll
0x00007ff985a10000 - 0x00007ff985aad000 	C:\WINDOWS\system32\msvcrt.dll
0x00007ff985720000 - 0x00007ff98577b000 	C:\WINDOWS\system32\sechost.dll
0x00007ff985ab0000 - 0x00007ff985bcc000 	C:\WINDOWS\system32\RPCRT4.dll
0x00007ff983d00000 - 0x00007ff983e56000 	C:\WINDOWS\system32\USER32.dll
0x00007ff983860000 - 0x00007ff9839e6000 	C:\WINDOWS\system32\GDI32.dll
0x00007ff9754f0000 - 0x00007ff975764000 	C:\WINDOWS\WinSxS\amd64_microsoft.windows.common-controls_6595b64144ccf1df_6.0.10586.494_none_a2d8b04ea53e3145\COMCTL32.dll
0x00007ff985bd0000 - 0x00007ff985e4d000 	C:\WINDOWS\system32\combase.dll
0x00007ff983190000 - 0x00007ff9831fa000 	C:\WINDOWS\system32\bcryptPrimitives.dll
0x00007ff9837c0000 - 0x00007ff9837fb000 	C:\WINDOWS\system32\IMM32.DLL
0x0000000067e40000 - 0x0000000067f12000 	C:\Program Files\Java\jdk1.8.0_71\jre\bin\msvcr100.dll
0x0000000068300000 - 0x0000000068b8f000 	C:\Program Files\Java\jdk1.8.0_71\jre\bin\server\jvm.dll
0x00007ff9858a0000 - 0x00007ff9858a8000 	C:\WINDOWS\system32\PSAPI.DLL
0x00007ff97f300000 - 0x00007ff97f309000 	C:\WINDOWS\SYSTEM32\WSOCK32.dll
0x00007ff985430000 - 0x00007ff98549b000 	C:\WINDOWS\system32\WS2_32.dll
0x00007ff975030000 - 0x00007ff97503a000 	C:\WINDOWS\SYSTEM32\VERSION.dll
0x00007ff980780000 - 0x00007ff9807a3000 	C:\WINDOWS\SYSTEM32\WINMM.dll
0x00007ff980750000 - 0x00007ff98077c000 	C:\WINDOWS\SYSTEM32\WINMMBASE.dll
0x00007ff983200000 - 0x00007ff983243000 	C:\WINDOWS\system32\cfgmgr32.dll
0x00000000682f0000 - 0x00000000682ff000 	C:\Program Files\Java\jdk1.8.0_71\jre\bin\verify.dll
0x00000000682c0000 - 0x00000000682e9000 	C:\Program Files\Java\jdk1.8.0_71\jre\bin\java.dll
0x00000000682a0000 - 0x00000000682b6000 	C:\Program Files\Java\jdk1.8.0_71\jre\bin\zip.dll

VM Arguments:
jvm_args: -Djava.awt.headless=true -Xmx1024M -Dfile.encoding=windows-1252 -Duser.country=US -Duser.language=en -Duser.variant 
java_command: com.android.dx.command.Main --dex --force-jumbo --num-threads=4 --multi-dex --output C:\Users\sfene_000\AndroidStudioProjects\Project_eCourage\app\build\intermediates\transforms\dex\debug\folders\1000\10\instant-run-bootstrap_178d43832354b487a6c4288265b06a040bd85afc C:\Users\sfene_000\AndroidStudioProjects\Project_eCourage\app\build\intermediates\incremental-classes\debug\instant-run-bootstrap.jar
java_class_path (initial): C:\Users\sfene_000\AppData\Local\Android\sdk\build-tools\24.0.0\lib\dx.jar
Launcher Type: SUN_STANDARD

Environment Variables:
PATH=C:\Program Files\PHP\v7.0;C:\ProgramData\Oracle\Java\javapath;C:\Program Files (x86)\Intel\iCLS Client\;C:\Program Files\Intel\iCLS Client\;C:\WINDOWS\system32;C:\WINDOWS;C:\WINDOWS\System32\Wbem;C:\WINDOWS\System32\WindowsPowerShell\v1.0\;C:\Program Files\Intel\Intel(R) Management Engine Components\DAL;C:\Program Files\Intel\Intel(R) Management Engine Components\IPT;C:\Program Files (x86)\Intel\Intel(R) Management Engine Components\DAL;C:\Program Files (x86)\Intel\Intel(R) Management Engine Components\IPT;C:\Program Files\Intel\WiFi\bin\;C:\Program Files\Common Files\Intel\WirelessCommon\;C:\Program Files (x86)\QuickTime\QTSystem\;C:\Program Files (x86)\GtkSharp\2.12\bin;C:\Program Files (x86)\Skype\Phone\;C:\Program Files\Git\cmd;C:\Program Files\Microsoft\Web Platform Installer\;C:\Program Files\nodejs\;C:\Program Files (x86)\Heroku\bin;C:\Program Files (x86)\git\cmd;C:\Program Files (x86)\Git\cmd;C:\Users\sfene_000\AppData\Roaming\npm
USERNAME=sfene_000
OS=Windows_NT
PROCESSOR_IDENTIFIER=Intel64 Family 6 Model 69 Stepping 1, GenuineIntel



---------------  S Y S T E M  ---------------

OS:Failed to allocate version_info

CPU:total 4 (2 cores per cpu, 2 threads per core) family 6 model 69 stepping 1, cmov, cx8, fxsr, mmx, sse, sse2, sse3, ssse3, sse4.1, sse4.2, popcnt, avx, avx2, aes, clmul, erms, lzcnt, ht, tsc, tscinvbit, bmi1, bmi2

Memory: 4k page, physical 8301524k(1690544k free), swap 10256340k(5108k free)

vm_info: Java HotSpot(TM) 64-Bit Server VM (25.71-b15) for windows-amd64 JRE (1.8.0_71-b15), built on Dec 22 2015 18:15:55 by "java_re" with MS VC++ 10.0 (VS2010)

time: Fri Jul 22 11:00:00 2016
elapsed time: 0 seconds (0d 0h 0m 0s)

