#
# There is insufficient memory for the Java Runtime Environment to continue.
# Native memory allocation (malloc) failed to allocate 552576 bytes for Chunk::new
# Possible reasons:
#   The system is out of physical RAM or swap space
#   In 32 bit mode, the process size limit was hit
# Possible solutions:
#   Reduce memory load on the system
#   Increase physical memory or swap space
#   Check if swap backing store is full
#   Use 64 bit Java on a 64 bit OS
#   Decrease Java heap size (-Xmx/-Xms)
#   Decrease number of Java threads
#   Decrease Java thread stack sizes (-Xss)
#   Set larger code cache with -XX:ReservedCodeCacheSize=
# This output file may be truncated or incomplete.
#
#  Out of Memory Error (allocation.cpp:390), pid=6708, tid=11096
#
# JRE version: Java(TM) SE Runtime Environment (8.0_71-b15) (build 1.8.0_71-b15)
# Java VM: Java HotSpot(TM) 64-Bit Server VM (25.71-b15 mixed mode windows-amd64 compressed oops)
# Failed to write core dump. Minidumps are not enabled by default on client versions of Windows
#

---------------  T H R E A D  ---------------

Current thread (0x00000000149cd000):  JavaThread "C2 CompilerThread0" daemon [_thread_in_native, id=11096, stack(0x0000000016010000,0x0000000016110000)]

Stack: [0x0000000016010000,0x0000000016110000]
[error occurred during error reporting (printing stack bounds), id 0xc0000005]

Native frames: (J=compiled Java code, j=interpreted, Vv=VM code, C=native code)


Current CompileTask:
C2:   2636 1337       4       com.android.dx.ssa.back.FirstFitLocalCombiningAllocator$1::processInsn (169 bytes)


---------------  P R O C E S S  ---------------

Java Threads: ( => current thread )
  0x0000000016610000 JavaThread "pool-2-thread-4" [_thread_in_Java, id=1196, stack(0x0000000016d10000,0x0000000016e10000)]
  0x000000001660e800 JavaThread "pool-2-thread-3" [_thread_blocked, id=10808, stack(0x0000000016c10000,0x0000000016d10000)]
  0x000000001660b000 JavaThread "pool-2-thread-2" [_thread_in_Java, id=800, stack(0x0000000016b10000,0x0000000016c10000)]
  0x0000000016607000 JavaThread "pool-3-thread-1" [_thread_blocked, id=3480, stack(0x0000000016a10000,0x0000000016b10000)]
  0x000000001658b000 JavaThread "pool-2-thread-1" [_thread_in_Java, id=8900, stack(0x0000000016910000,0x0000000016a10000)]
  0x0000000016315800 JavaThread "Service Thread" daemon [_thread_blocked, id=5268, stack(0x0000000016710000,0x0000000016810000)]
  0x00000000149d4000 JavaThread "C1 CompilerThread2" daemon [_thread_blocked, id=1596, stack(0x0000000016210000,0x0000000016310000)]
  0x00000000149d0000 JavaThread "C2 CompilerThread1" daemon [_thread_in_native, id=11260, stack(0x0000000016110000,0x0000000016210000)]
=>0x00000000149cd000 JavaThread "C2 CompilerThread0" daemon [_thread_in_native, id=11096, stack(0x0000000016010000,0x0000000016110000)]
  0x00000000149cb000 JavaThread "Attach Listener" daemon [_thread_blocked, id=3652, stack(0x0000000015f10000,0x0000000016010000)]
  0x00000000149ca000 JavaThread "Signal Dispatcher" daemon [_thread_blocked, id=10096, stack(0x0000000015e10000,0x0000000015f10000)]
  0x0000000002221000 JavaThread "Finalizer" daemon [_thread_blocked, id=2776, stack(0x0000000015c30000,0x0000000015d30000)]
  0x000000000221d800 JavaThread "Reference Handler" daemon [_thread_blocked, id=4424, stack(0x0000000015b30000,0x0000000015c30000)]
  0x00000000022fe000 JavaThread "main" [_thread_in_Java, id=9860, stack(0x0000000001fa0000,0x00000000020a0000)]

Other Threads:
  0x0000000014998000 VMThread [stack: 0x0000000015a30000,0x0000000015b30000] [id=3668]
  0x000000001632b000 WatcherThread [stack: 0x0000000016810000,0x0000000016910000] [id=6176]

VM state:not at safepoint (normal execution)

VM Mutex/Monitor currently owned by a thread: None

Heap:
 PSYoungGen      total 38400K, used 14542K [0x00000000eab00000, 0x00000000ed580000, 0x0000000100000000)
  eden space 33280K, 28% used [0x00000000eab00000,0x00000000eb436e28,0x00000000ecb80000)
  from space 5120K, 99% used [0x00000000ecb80000,0x00000000ed07caa8,0x00000000ed080000)
  to   space 5120K, 0% used [0x00000000ed080000,0x00000000ed080000,0x00000000ed580000)
 ParOldGen       total 87552K, used 1623K [0x00000000c0000000, 0x00000000c5580000, 0x00000000eab00000)
  object space 87552K, 1% used [0x00000000c0000000,0x00000000c0195fd0,0x00000000c5580000)
 Metaspace       used 6053K, capacity 6960K, committed 7040K, reserved 1056768K
  class space    used 598K, capacity 616K, committed 640K, reserved 1048576K

Card table byte_map: [0x00000000116c0000,0x00000000118d0000] byte_map_base: 0x00000000110c0000

Marking Bits: (ParMarkBitMap*) 0x0000000068b0f600
 Begin Bits: [0x0000000011e30000, 0x0000000012e30000)
 End Bits:   [0x0000000012e30000, 0x0000000013e30000)

Polling page: 0x00000000001f0000

CodeCache: size=245760Kb used=5438Kb max_used=5460Kb free=240321Kb
 bounds [0x0000000002300000, 0x0000000002860000, 0x0000000011300000]
 total_blobs=1605 nmethods=1336 adapters=182
 compilation: enabled

Compilation events (10 events):
Event: 2.542 Thread 0x00000000149cd000 nmethod 1271 0x000000000281f950 code [0x000000000281faa0, 0x000000000281fb28]
Event: 2.543 Thread 0x00000000149cd000 1333       4       com.android.dx.rop.code.ThrowingCstInsn::<init> (51 bytes)
Event: 2.545 Thread 0x00000000149cd000 nmethod 1333 0x0000000002837ad0 code [0x0000000002837c20, 0x0000000002837dd8]
Event: 2.545 Thread 0x00000000149cd000 1308       4       com.android.dx.rop.type.Type::isCategory2 (36 bytes)
Event: 2.545 Thread 0x00000000149cd000 nmethod 1308 0x0000000002797950 code [0x0000000002797a80, 0x0000000002797af8]
Event: 2.545 Thread 0x00000000149d0000 nmethod 1325% 0x0000000002838590 code [0x0000000002838720, 0x0000000002839158]
Event: 2.546 Thread 0x00000000149cd000 1337       4       com.android.dx.ssa.back.FirstFitLocalCombiningAllocator$1::processInsn (169 bytes)
Event: 2.584 Thread 0x00000000149d0000 1338       4       com.android.dx.ssa.SCCP::addBlockToWorklist (47 bytes)
Event: 2.599 Thread 0x00000000149d0000 nmethod 1338 0x0000000002848690 code [0x0000000002848820, 0x0000000002849088]
Event: 2.599 Thread 0x00000000149d0000 1339       4       com.android.dx.ssa.LiteralOpUpgrader$1::visitNonMoveInsn (203 bytes)

GC Heap History (2 events):
Event: 2.186 GC heap before
{Heap before GC invocations=1 (full 0):
 PSYoungGen      total 38400K, used 33280K [0x00000000eab00000, 0x00000000ed580000, 0x0000000100000000)
  eden space 33280K, 100% used [0x00000000eab00000,0x00000000ecb80000,0x00000000ecb80000)
  from space 5120K, 0% used [0x00000000ed080000,0x00000000ed080000,0x00000000ed580000)
  to   space 5120K, 0% used [0x00000000ecb80000,0x00000000ecb80000,0x00000000ed080000)
 ParOldGen       total 87552K, used 0K [0x00000000c0000000, 0x00000000c5580000, 0x00000000eab00000)
  object space 87552K, 0% used [0x00000000c0000000,0x00000000c0000000,0x00000000c5580000)
 Metaspace       used 5995K, capacity 6896K, committed 7040K, reserved 1056768K
  class space    used 598K, capacity 616K, committed 640K, reserved 1048576K
Event: 2.209 GC heap after
Heap after GC invocations=1 (full 0):
 PSYoungGen      total 38400K, used 5106K [0x00000000eab00000, 0x00000000ed580000, 0x0000000100000000)
  eden space 33280K, 0% used [0x00000000eab00000,0x00000000eab00000,0x00000000ecb80000)
  from space 5120K, 99% used [0x00000000ecb80000,0x00000000ed07caa8,0x00000000ed080000)
  to   space 5120K, 0% used [0x00000000ed080000,0x00000000ed080000,0x00000000ed580000)
 ParOldGen       total 87552K, used 1623K [0x00000000c0000000, 0x00000000c5580000, 0x00000000eab00000)
  object space 87552K, 1% used [0x00000000c0000000,0x00000000c0195fd0,0x00000000c5580000)
 Metaspace       used 5995K, capacity 6896K, committed 7040K, reserved 1056768K
  class space    used 598K, capacity 616K, committed 640K, reserved 1048576K
}

Deoptimization events (10 events):
Event: 2.015 Thread 0x000000001660b000 Uncommon trap: reason=class_check action=maybe_recompile pc=0x00000000027157a4 method=java.util.HashMap.putVal(ILjava/lang/Object;Ljava/lang/Object;ZZ)Ljava/lang/Object; @ 203
Event: 2.015 Thread 0x000000001660b000 Uncommon trap: reason=bimorphic action=maybe_recompile pc=0x0000000002536468 method=java.util.HashMap.getNode(ILjava/lang/Object;)Ljava/util/HashMap$Node; @ 126
Event: 2.015 Thread 0x000000001660b000 Uncommon trap: reason=class_check action=maybe_recompile pc=0x00000000027157a4 method=java.util.HashMap.putVal(ILjava/lang/Object;Ljava/lang/Object;ZZ)Ljava/lang/Object; @ 203
Event: 2.015 Thread 0x000000001660b000 Uncommon trap: reason=bimorphic action=maybe_recompile pc=0x0000000002536468 method=java.util.HashMap.getNode(ILjava/lang/Object;)Ljava/util/HashMap$Node; @ 126
Event: 2.015 Thread 0x000000001660b000 Uncommon trap: reason=class_check action=maybe_recompile pc=0x00000000027157a4 method=java.util.HashMap.putVal(ILjava/lang/Object;Ljava/lang/Object;ZZ)Ljava/lang/Object; @ 203
Event: 2.015 Thread 0x000000001660b000 Uncommon trap: reason=bimorphic action=maybe_recompile pc=0x0000000002572d24 method=java.util.HashMap.getNode(ILjava/lang/Object;)Ljava/util/HashMap$Node; @ 126
Event: 2.023 Thread 0x000000001660b000 Uncommon trap: reason=class_check action=maybe_recompile pc=0x000000000272881c method=java.util.HashMap.putVal(ILjava/lang/Object;Ljava/lang/Object;ZZ)Ljava/lang/Object; @ 203
Event: 2.099 Thread 0x000000001660e800 Uncommon trap: reason=null_check action=make_not_entrant pc=0x0000000002781868 method=com.android.dx.rop.type.Type.equals(Ljava/lang/Object;)Z @ 8
Event: 2.210 Thread 0x000000001660b000 Uncommon trap: reason=unstable_if action=reinterpret pc=0x00000000025c3e7c method=com.android.dx.rop.code.RegisterSpec.equals(ILcom/android/dx/rop/type/TypeBearer;Lcom/android/dx/rop/code/LocalItem;)Z @ 42
Event: 2.581 Thread 0x000000001658b000 Uncommon trap: reason=uninitialized action=reinterpret pc=0x000000000284e208 method=com.android.dx.cf.code.BytecodeArray.parseInstruction(ILcom/android/dx/cf/code/BytecodeArray$Visitor;)I @ 1047

Internal exceptions (3 events):
Event: 0.048 Thread 0x00000000022fe000 Exception <a 'java/lang/NoSuchMethodError': Method sun.misc.Unsafe.defineClass(Ljava/lang/String;[BII)Ljava/lang/Class; name or signature does not match> (0x00000000eab0d688) thrown at [C:\re\workspace\8-2-build-windows-amd64-cygwin\jdk8u71\5731\hotspot\srV{é”p∏®?
Event: 0.048 Thread 0x00000000022fe000 Exception <a 'java/lang/NoSuchMethodError': Method sun.misc.Unsafe.prefetchRead(Ljava/lang/Object;J)V name or signature does not match> (0x00000000eab0d970) thrown at [C:\re\workspace\8-2-build-windows-amd64-cygwin\jdk8u71\5731\hotspot\src\share\vm\prims\j	&7≈¿…
Event: 2.099 Thread 0x000000001660e800 Implicit null exception at 0x0000000002781762 to 0x000000000278185a

Events (10 events):
Event: 2.099 Thread 0x000000001660e800 DEOPT PACKING pc=0x0000000002781868 sp=0x0000000016d0e2e0
Event: 2.099 Thread 0x000000001660e800 DEOPT UNPACKING pc=0x000000000234582a sp=0x0000000016d0e268 mode 2
Event: 2.180 Executing VM operation: ParallelGCFailedAllocation
Event: 2.209 Executing VM operation: ParallelGCFailedAllocation done
Event: 2.210 Thread 0x000000001660b000 Uncommon trap: trap_request=0xffffff65 fr.pc=0x00000000025c3e7c
Event: 2.210 Thread 0x000000001660b000 DEOPT PACKING pc=0x00000000025c3e7c sp=0x0000000016c0e560
Event: 2.210 Thread 0x000000001660b000 DEOPT UNPACKING pc=0x000000000234582a sp=0x0000000016c0e4e8 mode 2
Event: 2.581 Thread 0x000000001658b000 Uncommon trap: trap_request=0xffffffb5 fr.pc=0x000000000284e208
Event: 2.581 Thread 0x000000001658b000 DEOPT PACKING pc=0x000000000284e208 sp=0x0000000016a0eab0
Event: 2.581 Thread 0x000000001658b000 DEOPT UNPACKING pc=0x000000000234582a sp=0x0000000016a0ea40 mode 2


Dynamic libraries:
0x00007ff736ab0000 - 0x00007ff736ae7000 	C:\Program Files\Java\jdk1.8.0_71\bin\java.exe
0x00007ff985e50000 - 0x00007ff986011000 	C:\WINDOWS\SYSTEM32\ntdll.dll
0x00007ff985960000 - 0x00007ff985a0d000 	C:\WINDOWS\system32\KERNEL32.DLL
0x00007ff9825b0000 - 0x00007ff982798000 	C:\WINDOWS\system32\KERNELBASE.dll
0x00007ff9857f0000 - 0x00007ff985897000 	C:\WINDOWS\system32\ADVAPI32.dll
0x00007ff985a10000 - 0x00007ff985aad000 	C:\WINDOWS\system32\msvcrt.dll
0x00007ff985720000 - 0x00007ff98577b000 	C:\WINDOWS\system32\sechost.dll
0x00007ff985ab0000 - 0x00007ff985bcc000 	C:\WINDOWS\system32\RPCRT4.dll
0x00007ff983d00000 - 0x00007ff983e56000 	C:\WINDOWS\system32\USER32.dll
0x00007ff983860000 - 0x00007ff9839e6000 	C:\WINDOWS\system32\GDI32.dll
0x00007ff9754f0000 - 0x00007ff975764000 	C:\WINDOWS\WinSxS\amd64_microsoft.windows.common-controls_6595b64144ccf1df_6.0.10586.494_none_a2d8b04ea53e3145\COMCTL32.dll
0x00007ff985bd0000 - 0x00007ff985e4d000 	C:\WINDOWS\system32\combase.dll
0x00007ff983190000 - 0x00007ff9831fa000 	C:\WINDOWS\system32\bcryptPrimitives.dll
0x00007ff9837c0000 - 0x00007ff9837fb000 	C:\WINDOWS\system32\IMM32.DLL
0x0000000067e40000 - 0x0000000067f12000 	C:\Program Files\Java\jdk1.8.0_71\jre\bin\msvcr100.dll
0x0000000068300000 - 0x0000000068b8f000 	C:\Program Files\Java\jdk1.8.0_71\jre\bin\server\jvm.dll
0x00007ff9858a0000 - 0x00007ff9858a8000 	C:\WINDOWS\system32\PSAPI.DLL
0x00007ff97f300000 - 0x00007ff97f309000 	C:\WINDOWS\SYSTEM32\WSOCK32.dll
0x00007ff985430000 - 0x00007ff98549b000 	C:\WINDOWS\system32\WS2_32.dll
0x00007ff980780000 - 0x00007ff9807a3000 	C:\WINDOWS\SYSTEM32\WINMM.dll
0x00007ff975030000 - 0x00007ff97503a000 	C:\WINDOWS\SYSTEM32\VERSION.dll
0x00007ff980750000 - 0x00007ff98077c000 	C:\WINDOWS\SYSTEM32\WINMMBASE.dll
0x00007ff983200000 - 0x00007ff983243000 	C:\WINDOWS\system32\cfgmgr32.dll
0x00000000682f0000 - 0x00000000682ff000 	C:\Program Files\Java\jdk1.8.0_71\jre\bin\verify.dll
0x00000000682c0000 - 0x00000000682e9000 	C:\Program Files\Java\jdk1.8.0_71\jre\bin\java.dll
0x00000000682a0000 - 0x00000000682b6000 	C:\Program Files\Java\jdk1.8.0_71\jre\bin\zip.dll
0x00007ff983e70000 - 0x00007ff9853cc000 	C:\WINDOWS\system32\SHELL32.dll
0x00007ff9827c0000 - 0x00007ff982e05000 	C:\WINDOWS\system32\windows.storage.dll
0x00007ff9839f0000 - 0x00007ff983a42000 	C:\WINDOWS\system32\shlwapi.dll
0x00007ff9824f0000 - 0x00007ff9824ff000 	C:\WINDOWS\system32\kernel.appcore.dll
0x00007ff9830d0000 - 0x00007ff983185000 	C:\WINDOWS\system32\shcore.dll
0x00007ff982490000 - 0x00007ff9824db000 	C:\WINDOWS\system32\powrprof.dll
0x00007ff982470000 - 0x00007ff982484000 	C:\WINDOWS\system32\profapi.dll

VM Arguments:
jvm_args: -Djava.awt.headless=true -Xmx1024M -Dfile.encoding=windows-1252 -Duser.country=US -Duser.language=en -Duser.variant 
java_command: com.android.dx.command.Main --dex --force-jumbo --num-threads=4 --multi-dex --output C:\Users\sfene_000\AndroidStudioProjects\Project_eCourage\app\build\intermediates\transforms\dex\debug\folders\1000\10\com.android.support-recyclerview-v7-24.0.0_032ca0dd73192aeafb4b743c92f7dffe47008295 C:\Users\sfene_000\AndroidStudioProjects\Project_eCourage\app\build\intermediates\exploded-aar\com.android.support\recyclerview-v7\24.0.0\jars\classes.jar
java_class_path (initial): C:\Users\sfene_000\AppData\Local\Android\sdk\build-tools\24.0.0\lib\dx.jar
Launcher Type: SUN_STANDARD

Environment Variables:
PATH=C:\Program Files\PHP\v7.0;C:\ProgramData\Oracle\Java\javapath;C:\Program Files (x86)\Intel\iCLS Client\;C:\Program Files\Intel\iCLS Client\;C:\WINDOWS\system32;C:\WINDOWS;C:\WINDOWS\System32\Wbem;C:\WINDOWS\System32\WindowsPowerShell\v1.0\;C:\Program Files\Intel\Intel(R) Management Engine Components\DAL;C:\Program Files\Intel\Intel(R) Management Engine Components\IPT;C:\Program Files (x86)\Intel\Intel(R) Management Engine Components\DAL;C:\Program Files (x86)\Intel\Intel(R) Management Engine Components\IPT;C:\Program Files\Intel\WiFi\bin\;C:\Program Files\Common Files\Intel\WirelessCommon\;C:\Program Files (x86)\QuickTime\QTSystem\;C:\Program Files (x86)\GtkSharp\2.12\bin;C:\Program Files (x86)\Skype\Phone\;C:\Program Files\Git\cmd;C:\Program Files\Microsoft\Web Platform Installer\;C:\Program Files\nodejs\;C:\Program Files (x86)\Heroku\bin;C:\Program Files (x86)\git\cmd;C:\Program Files (x86)\Git\cmd;C:\Users\sfene_000\AppData\Roaming\npm
USERNAME=sfene_000
OS=Windows_NT
PROCESSOR_IDENTIFIER=Intel64 Family 6 Model 69 Stepping 1, GenuineIntel



---------------  S Y S T E M  ---------------

OS: Windows 10.0 , 64 bit Build 10586 (10.0.10586.0)

CPU:total 4 (2 cores per cpu, 2 threads per core) family 6 model 69 stepping 1, cmov, cx8, fxsr, mmx, sse, sse2, sse3, ssse3, sse4.1, sse4.2, popcnt, avx, avx2, aes, clmul, erms, lzcnt, ht, tsc, tscinvbit, bmi1, bmi2

Memory: 4k page, physical 8301524k(1570304k free), swap 10256340k(5348k free)

vm_info: Java HotSpot(TM) 64-Bit Server VM (25.71-b15) for windows-amd64 JRE (1.8.0_71-b15), built on Dec 22 2015 18:15:55 by "java_re" with MS VC++ 10.0 (VS2010)

time: Fri Jul 22 11:02:38 2016
elapsed time: 2 seconds (0d 0h 0m 2s)

