#
# There is insufficient memory for the Java Runtime Environment to continue.
# Native memory allocation (malloc) failed to allocate 1571776 bytes for Chunk::new
# Possible reasons:
#   The system is out of physical RAM or swap space
#   In 32 bit mode, the process size limit was hit
# Possible solutions:
#   Reduce memory load on the system
#   Increase physical memory or swap space
#   Check if swap backing store is full
#   Use 64 bit Java on a 64 bit OS
#   Decrease Java heap size (-Xmx/-Xms)
#   Decrease number of Java threads
#   Decrease Java thread stack sizes (-Xss)
#   Set larger code cache with -XX:ReservedCodeCacheSize=
# This output file may be truncated or incomplete.
#
#  Out of Memory Error (allocation.cpp:390), pid=3204, tid=6928
#
# JRE version: Java(TM) SE Runtime Environment (8.0_71-b15) (build 1.8.0_71-b15)
# Java VM: Java HotSpot(TM) 64-Bit Server VM (25.71-b15 mixed mode windows-amd64 compressed oops)
# Failed to write core dump. Minidumps are not enabled by default on client versions of Windows
#

---------------  T H R E A D  ---------------

Current thread (0x0000000014fd2800):  JavaThread "C2 CompilerThread1" daemon [_thread_in_native, id=6928, stack(0x00000000166c0000,0x00000000167c0000)]

Stack: [0x00000000166c0000,0x00000000167c0000]
[error occurred during error reporting (printing stack bounds), id 0xc0000005]

Native frames: (J=compiled Java code, j=interpreted, Vv=VM code, C=native code)


Current CompileTask:
C2:   5502 2115   !   4       com.android.dx.cf.code.Ropper::processBlock (1101 bytes)


---------------  P R O C E S S  ---------------

Java Threads: ( => current thread )
  0x0000000016b8e000 JavaThread "pool-1-thread-1" [_thread_in_Java, id=3764, stack(0x0000000018b90000,0x0000000018c90000)]
  0x00000000168c6800 JavaThread "Service Thread" daemon [_thread_blocked, id=5588, stack(0x0000000016cc0000,0x0000000016dc0000)]
  0x0000000014fdd800 JavaThread "C1 CompilerThread2" daemon [_thread_blocked, id=6460, stack(0x00000000167c0000,0x00000000168c0000)]
=>0x0000000014fd2800 JavaThread "C2 CompilerThread1" daemon [_thread_in_native, id=6928, stack(0x00000000166c0000,0x00000000167c0000)]
  0x0000000014f7e000 JavaThread "C2 CompilerThread0" daemon [_thread_in_native, id=10776, stack(0x00000000165c0000,0x00000000166c0000)]
  0x0000000014f7c000 JavaThread "Attach Listener" daemon [_thread_blocked, id=420, stack(0x00000000164c0000,0x00000000165c0000)]
  0x0000000014f7a800 JavaThread "Signal Dispatcher" daemon [_thread_blocked, id=8724, stack(0x00000000163c0000,0x00000000164c0000)]
  0x00000000027e1000 JavaThread "Finalizer" daemon [_thread_blocked, id=9744, stack(0x00000000161e0000,0x00000000162e0000)]
  0x00000000027de800 JavaThread "Reference Handler" daemon [_thread_blocked, id=5268, stack(0x00000000160e0000,0x00000000161e0000)]
  0x00000000028ae000 JavaThread "main" [_thread_blocked, id=4616, stack(0x0000000000eb0000,0x0000000000fb0000)]

Other Threads:
  0x0000000014f47000 VMThread [stack: 0x0000000015fe0000,0x00000000160e0000] [id=6372]
  0x00000000168db800 WatcherThread [stack: 0x0000000016dc0000,0x0000000016ec0000] [id=4076]

VM state:not at safepoint (normal execution)

VM Mutex/Monitor currently owned by a thread: None

Heap:
 PSYoungGen      total 283136K, used 67932K [0x00000000eab00000, 0x00000000ff500000, 0x0000000100000000)
  eden space 252928K, 14% used [0x00000000eab00000,0x00000000ecfdd368,0x00000000fa200000)
  from space 30208K, 99% used [0x00000000fc780000,0x00000000fe4f9cb8,0x00000000fe500000)
  to   space 38400K, 0% used [0x00000000fa200000,0x00000000fa200000,0x00000000fc780000)
 ParOldGen       total 87552K, used 45891K [0x00000000c0000000, 0x00000000c5580000, 0x00000000eab00000)
  object space 87552K, 52% used [0x00000000c0000000,0x00000000c2cd0f20,0x00000000c5580000)
 Metaspace       used 6658K, capacity 7320K, committed 7680K, reserved 1056768K
  class space    used 628K, capacity 656K, committed 768K, reserved 1048576K

Card table byte_map: [0x0000000011c70000,0x0000000011e80000] byte_map_base: 0x0000000011670000

Marking Bits: (ParMarkBitMap*) 0x0000000068b0f600
 Begin Bits: [0x00000000123e0000, 0x00000000133e0000)
 End Bits:   [0x00000000133e0000, 0x00000000143e0000)

Polling page: 0x0000000000e50000

CodeCache: size=245760Kb used=8747Kb max_used=8747Kb free=237012Kb
 bounds [0x00000000028b0000, 0x0000000003150000, 0x00000000118b0000]
 total_blobs=2423 nmethods=2153 adapters=182
 compilation: enabled

Compilation events (10 events):
Event: 5.421 Thread 0x0000000014fdd800 2234       2       java.util.HashMap$KeySet::iterator (12 bytes)
Event: 5.422 Thread 0x0000000014fdd800 nmethod 2234 0x000000000313ffd0 code [0x0000000003140140, 0x0000000003140328]
Event: 5.422 Thread 0x0000000014fdd800 2235       2       java.util.HashMap$KeyIterator::<init> (11 bytes)
Event: 5.422 Thread 0x0000000014fdd800 nmethod 2235 0x00000000031403d0 code [0x0000000003140540, 0x00000000031406c8]
Event: 5.425 Thread 0x0000000014fdd800 2236       3       com.android.dx.dex.code.OutputFinisher::getAllConstants (47 bytes)
Event: 5.426 Thread 0x0000000014fdd800 nmethod 2236 0x0000000003140750 code [0x0000000003140980, 0x00000000031412c8]
Event: 5.453 Thread 0x0000000014fdd800 2238 %     3       com.android.dx.dex.code.StdCatchBuilder::hasAnyCatches @ 15 (57 bytes)
Event: 5.454 Thread 0x0000000014fdd800 nmethod 2238% 0x0000000003141810 code [0x0000000003141a00, 0x0000000003142778]
Event: 5.454 Thread 0x0000000014fdd800 2239       3       com.android.dx.dex.code.StdCatchBuilder::hasAnyCatches (57 bytes)
Event: 5.455 Thread 0x0000000014fdd800 nmethod 2239 0x0000000003142d10 code [0x0000000003142f00, 0x0000000003143c38]

GC Heap History (10 events):
Event: 2.670 GC heap before
{Heap before GC invocations=4 (full 0):
 PSYoungGen      total 38400K, used 38376K [0x00000000eab00000, 0x00000000ef600000, 0x0000000100000000)
  eden space 33280K, 100% used [0x00000000eab00000,0x00000000ecb80000,0x00000000ecb80000)
  from space 5120K, 99% used [0x00000000ecb80000,0x00000000ed07a298,0x00000000ed080000)
  to   space 5120K, 0% used [0x00000000ef100000,0x00000000ef100000,0x00000000ef600000)
 ParOldGen       total 87552K, used 8329K [0x00000000c0000000, 0x00000000c5580000, 0x00000000eab00000)
  object space 87552K, 9% used [0x00000000c0000000,0x00000000c0822730,0x00000000c5580000)
 Metaspace       used 6271K, capacity 7152K, committed 7296K, reserved 1056768K
  class space    used 602K, capacity 616K, committed 640K, reserved 1048576K
Event: 2.694 GC heap after
Heap after GC invocations=4 (full 0):
 PSYoungGen      total 71680K, used 5096K [0x00000000eab00000, 0x00000000ef600000, 0x0000000100000000)
  eden space 66560K, 0% used [0x00000000eab00000,0x00000000eab00000,0x00000000eec00000)
  from space 5120K, 99% used [0x00000000ef100000,0x00000000ef5fa298,0x00000000ef600000)
  to   space 5120K, 0% used [0x00000000eec00000,0x00000000eec00000,0x00000000ef100000)
 ParOldGen       total 87552K, used 13085K [0x00000000c0000000, 0x00000000c5580000, 0x00000000eab00000)
  object space 87552K, 14% used [0x00000000c0000000,0x00000000c0cc7568,0x00000000c5580000)
 Metaspace       used 6271K, capacity 7152K, committed 7296K, reserved 1056768K
  class space    used 602K, capacity 616K, committed 640K, reserved 1048576K
}
Event: 3.109 GC heap before
{Heap before GC invocations=5 (full 0):
 PSYoungGen      total 71680K, used 71656K [0x00000000eab00000, 0x00000000ef600000, 0x0000000100000000)
  eden space 66560K, 100% used [0x00000000eab00000,0x00000000eec00000,0x00000000eec00000)
  from space 5120K, 99% used [0x00000000ef100000,0x00000000ef5fa298,0x00000000ef600000)
  to   space 5120K, 0% used [0x00000000eec00000,0x00000000eec00000,0x00000000ef100000)
 ParOldGen       total 87552K, used 13085K [0x00000000c0000000, 0x00000000c5580000, 0x00000000eab00000)
  object space 87552K, 14% used [0x00000000c0000000,0x00000000c0cc7568,0x00000000c5580000)
 Metaspace       used 6336K, capacity 7152K, committed 7296K, reserved 1056768K
  class space    used 602K, capacity 616K, committed 640K, reserved 1048576K
Event: 3.145 GC heap after
Heap after GC invocations=5 (full 0):
 PSYoungGen      total 71680K, used 5096K [0x00000000eab00000, 0x00000000f4d00000, 0x0000000100000000)
  eden space 66560K, 0% used [0x00000000eab00000,0x00000000eab00000,0x00000000eec00000)
  from space 5120K, 99% used [0x00000000eec00000,0x00000000ef0fa298,0x00000000ef100000)
  to   space 16384K, 0% used [0x00000000f3d00000,0x00000000f3d00000,0x00000000f4d00000)
 ParOldGen       total 87552K, used 22808K [0x00000000c0000000, 0x00000000c5580000, 0x00000000eab00000)
  object space 87552K, 26% used [0x00000000c0000000,0x00000000c1646078,0x00000000c5580000)
 Metaspace       used 6336K, capacity 7152K, committed 7296K, reserved 1056768K
  class space    used 602K, capacity 616K, committed 640K, reserved 1048576K
}
Event: 3.558 GC heap before
{Heap before GC invocations=6 (full 0):
 PSYoungGen      total 71680K, used 71656K [0x00000000eab00000, 0x00000000f4d00000, 0x0000000100000000)
  eden space 66560K, 100% used [0x00000000eab00000,0x00000000eec00000,0x00000000eec00000)
  from space 5120K, 99% used [0x00000000eec00000,0x00000000ef0fa298,0x00000000ef100000)
  to   space 16384K, 0% used [0x00000000f3d00000,0x00000000f3d00000,0x00000000f4d00000)
 ParOldGen       total 87552K, used 22808K [0x00000000c0000000, 0x00000000c5580000, 0x00000000eab00000)
  object space 87552K, 26% used [0x00000000c0000000,0x00000000c1646078,0x00000000c5580000)
 Metaspace       used 6396K, capacity 7216K, committed 7296K, reserved 1056768K
  class space    used 602K, capacity 616K, committed 640K, reserved 1048576K
Event: 3.595 GC heap after
Heap after GC invocations=6 (full 0):
 PSYoungGen      total 146944K, used 15980K [0x00000000eab00000, 0x00000000f5200000, 0x0000000100000000)
  eden space 130560K, 0% used [0x00000000eab00000,0x00000000eab00000,0x00000000f2a80000)
  from space 16384K, 97% used [0x00000000f3d00000,0x00000000f4c9b010,0x00000000f4d00000)
  to   space 18944K, 0% used [0x00000000f2a80000,0x00000000f2a80000,0x00000000f3d00000)
 ParOldGen       total 87552K, used 22808K [0x00000000c0000000, 0x00000000c5580000, 0x00000000eab00000)
  object space 87552K, 26% used [0x00000000c0000000,0x00000000c1646078,0x00000000c5580000)
 Metaspace       used 6396K, capacity 7216K, committed 7296K, reserved 1056768K
  class space    used 602K, capacity 616K, committed 640K, reserved 1048576K
}
Event: 4.320 GC heap before
{Heap before GC invocations=7 (full 0):
 PSYoungGen      total 146944K, used 146540K [0x00000000eab00000, 0x00000000f5200000, 0x0000000100000000)
  eden space 130560K, 100% used [0x00000000eab00000,0x00000000f2a80000,0x00000000f2a80000)
  from space 16384K, 97% used [0x00000000f3d00000,0x00000000f4c9b010,0x00000000f4d00000)
  to   space 18944K, 0% used [0x00000000f2a80000,0x00000000f2a80000,0x00000000f3d00000)
 ParOldGen       total 87552K, used 22808K [0x00000000c0000000, 0x00000000c5580000, 0x00000000eab00000)
  object space 87552K, 26% used [0x00000000c0000000,0x00000000c1646078,0x00000000c5580000)
 Metaspace       used 6543K, capacity 7256K, committed 7424K, reserved 1056768K
  class space    used 622K, capacity 656K, committed 768K, reserved 1048576K
Event: 4.443 GC heap after
Heap after GC invocations=7 (full 0):
 PSYoungGen      total 149504K, used 18934K [0x00000000eab00000, 0x00000000fe500000, 0x0000000100000000)
  eden space 130560K, 0% used [0x00000000eab00000,0x00000000eab00000,0x00000000f2a80000)
  from space 18944K, 99% used [0x00000000f2a80000,0x00000000f3cfdb90,0x00000000f3d00000)
  to   space 30208K, 0% used [0x00000000fc780000,0x00000000fc780000,0x00000000fe500000)
 ParOldGen       total 87552K, used 39504K [0x00000000c0000000, 0x00000000c5580000, 0x00000000eab00000)
  object space 87552K, 45% used [0x00000000c0000000,0x00000000c2694318,0x00000000c5580000)
 Metaspace       used 6543K, capacity 7256K, committed 7424K, reserved 1056768K
  class space    used 622K, capacity 656K, committed 768K, reserved 1048576K
}
Event: 5.056 GC heap before
{Heap before GC invocations=8 (full 0):
 PSYoungGen      total 149504K, used 149494K [0x00000000eab00000, 0x00000000fe500000, 0x0000000100000000)
  eden space 130560K, 100% used [0x00000000eab00000,0x00000000f2a80000,0x00000000f2a80000)
  from space 18944K, 99% used [0x00000000f2a80000,0x00000000f3cfdb90,0x00000000f3d00000)
  to   space 30208K, 0% used [0x00000000fc780000,0x00000000fc780000,0x00000000fe500000)
 ParOldGen       total 87552K, used 39504K [0x00000000c0000000, 0x00000000c5580000, 0x00000000eab00000)
  object space 87552K, 45% used [0x00000000c0000000,0x00000000c2694318,0x00000000c5580000)
 Metaspace       used 6559K, capacity 7256K, committed 7424K, reserved 1056768K
  class space    used 622K, capacity 656K, committed 768K, reserved 1048576K
Event: 5.168 GC heap after
Heap after GC invocations=8 (full 0):
 PSYoungGen      total 283136K, used 30183K [0x00000000eab00000, 0x00000000ff500000, 0x0000000100000000)
  eden space 252928K, 0% used [0x00000000eab00000,0x00000000eab00000,0x00000000fa200000)
  from space 30208K, 99% used [0x00000000fc780000,0x00000000fe4f9cb8,0x00000000fe500000)
  to   space 38400K, 0% used [0x00000000fa200000,0x00000000fa200000,0x00000000fc780000)
 ParOldGen       total 87552K, used 45891K [0x00000000c0000000, 0x00000000c5580000, 0x00000000eab00000)
  object space 87552K, 52% used [0x00000000c0000000,0x00000000c2cd0f20,0x00000000c5580000)
 Metaspace       used 6559K, capacity 7256K, committed 7424K, reserved 1056768K
  class space    used 622K, capacity 656K, committed 768K, reserved 1048576K
}

Deoptimization events (10 events):
Event: 4.610 Thread 0x0000000016b8a800 Uncommon trap: reason=class_check action=maybe_recompile pc=0x00000000030b5e98 method=com.android.dx.cf.code.BytecodeArray.parseInstruction(ILcom/android/dx/cf/code/BytecodeArray$Visitor;)I @ 1807
Event: 4.610 Thread 0x0000000016b8a800 Uncommon trap: reason=class_check action=maybe_recompile pc=0x00000000030b5e98 method=com.android.dx.cf.code.BytecodeArray.parseInstruction(ILcom/android/dx/cf/code/BytecodeArray$Visitor;)I @ 1807
Event: 4.610 Thread 0x0000000016b8a800 Uncommon trap: reason=class_check action=maybe_recompile pc=0x00000000030b5e98 method=com.android.dx.cf.code.BytecodeArray.parseInstruction(ILcom/android/dx/cf/code/BytecodeArray$Visitor;)I @ 1807
Event: 4.854 Thread 0x00000000028ae000 Uncommon trap: reason=unstable_if action=reinterpret pc=0x0000000002fbe250 method=java.util.HashMap.resize()[Ljava/util/HashMap$Node; @ 206
Event: 5.351 Thread 0x0000000016b8e000 Uncommon trap: reason=class_check action=maybe_recompile pc=0x0000000002da8948 method=java.util.Arrays.hashCode([Ljava/lang/Object;)I @ 43
Event: 5.351 Thread 0x0000000016b8e000 Uncommon trap: reason=class_check action=maybe_recompile pc=0x0000000002da8948 method=java.util.Arrays.hashCode([Ljava/lang/Object;)I @ 43
Event: 5.351 Thread 0x0000000016b8e000 Uncommon trap: reason=class_check action=maybe_recompile pc=0x0000000002da8948 method=java.util.Arrays.hashCode([Ljava/lang/Object;)I @ 43
Event: 5.351 Thread 0x0000000016b8e000 Uncommon trap: reason=class_check action=maybe_recompile pc=0x0000000002da8948 method=java.util.Arrays.hashCode([Ljava/lang/Object;)I @ 43
Event: 5.351 Thread 0x0000000016b8e000 Uncommon trap: reason=class_check action=maybe_recompile pc=0x0000000002da0734 method=java.util.Arrays.hashCode([Ljava/lang/Object;)I @ 43
Event: 5.396 Thread 0x0000000016b8e000 Uncommon trap: reason=class_check action=maybe_recompile pc=0x0000000002c3517c method=java.util.HashMap.putVal(ILjava/lang/Object;Ljava/lang/Object;ZZ)Ljava/lang/Object; @ 203

Internal exceptions (6 events):
Event: 0.067 Thread 0x00000000028ae000 Exception <a 'java/lang/NoSuchMethodError': Method sun.misc.Unsafe.defineClass(Ljava/lang/String;[BII)Ljava/lang/Class; name or signature does not match> (0x00000000eab0d9a0) thrown at [C:\re\workspace\8-2-build-windows-amd64-cygwin\jdk8u71\5731\hotspot\sr¤ýÕþàK±?
Event: 0.068 Thread 0x00000000028ae000 Exception <a 'java/lang/NoSuchMethodError': Method sun.misc.Unsafe.prefetchRead(Ljava/lang/Object;J)V name or signature does not match> (0x00000000eab0dc88) thrown at [C:\re\workspace\8-2-build-windows-amd64-cygwin\jdk8u71\5731\hotspot\src\share\vm\prims\jã§¾jîzû?
Event: 1.718 Thread 0x0000000016b7c800 Implicit null exception at 0x0000000002b81e62 to 0x0000000002b81f69
Event: 3.677 Thread 0x0000000016b7c800 Exception <a 'java/lang/ArrayIndexOutOfBoundsException': 18> (0x00000000ebbb7810) thrown at [C:\re\workspace\8-2-build-windows-amd64-cygwin\jdk8u71\5731\hotspot\src\share\vm\interpreter\interpreterRuntime.cpp, line 366]
Event: 3.677 Thread 0x0000000016b7c800 Exception <a 'java/lang/ArrayIndexOutOfBoundsException'> (0x00000000ebbb9390) thrown at [C:\re\workspace\8-2-build-windows-amd64-cygwin\jdk8u71\5731\hotspot\src\share\vm\runtime\sharedRuntime.cpp, line 605]
Event: 3.678 Thread 0x0000000016b7c800 Exception <a 'java/lang/ArrayIndexOutOfBoundsException'> (0x00000000ebbba678) thrown at [C:\re\workspace\8-2-build-windows-amd64-cygwin\jdk8u71\5731\hotspot\src\share\vm\runtime\sharedRuntime.cpp, line 605]

Events (10 events):
Event: 5.351 loading class com/android/dx/rop/cst/Zeroes done
Event: 5.396 Thread 0x0000000016b8e000 Uncommon trap: trap_request=0xffffffde fr.pc=0x0000000002c3517c
Event: 5.396 Thread 0x0000000016b8e000 DEOPT PACKING pc=0x0000000002c3517c sp=0x0000000018c8ea90
Event: 5.396 Thread 0x0000000016b8e000 DEOPT UNPACKING pc=0x00000000028f582a sp=0x0000000018c8e9b0 mode 2
Event: 5.409 loading class com/android/dx/dex/file/CatchStructs
Event: 5.409 loading class com/android/dx/dex/file/CatchStructs done
Event: 5.425 Thread 0x0000000016b8e000 DEOPT PACKING pc=0x00000000031349d4 sp=0x0000000018c8eaa0
Event: 5.425 Thread 0x0000000016b8e000 DEOPT UNPACKING pc=0x00000000028f787f sp=0x0000000018c8e830 mode 0
Event: 5.455 Thread 0x0000000016b8e000 DEOPT PACKING pc=0x0000000003133dc4 sp=0x0000000018c8ead0
Event: 5.455 Thread 0x0000000016b8e000 DEOPT UNPACKING pc=0x00000000028f787f sp=0x0000000018c8e820 mode 0


Dynamic libraries:
0x00007ff736ab0000 - 0x00007ff736ae7000 	C:\Program Files\Java\jdk1.8.0_71\bin\java.exe
0x00007ff985e50000 - 0x00007ff986011000 	C:\WINDOWS\SYSTEM32\ntdll.dll
0x00007ff985960000 - 0x00007ff985a0d000 	C:\WINDOWS\system32\KERNEL32.DLL
0x00007ff9825b0000 - 0x00007ff982798000 	C:\WINDOWS\system32\KERNELBASE.dll
0x00007ff9857f0000 - 0x00007ff985897000 	C:\WINDOWS\system32\ADVAPI32.dll
0x00007ff985a10000 - 0x00007ff985aad000 	C:\WINDOWS\system32\msvcrt.dll
0x00007ff985720000 - 0x00007ff98577b000 	C:\WINDOWS\system32\sechost.dll
0x00007ff985ab0000 - 0x00007ff985bcc000 	C:\WINDOWS\system32\RPCRT4.dll
0x00007ff983d00000 - 0x00007ff983e56000 	C:\WINDOWS\system32\USER32.dll
0x00007ff983860000 - 0x00007ff9839e6000 	C:\WINDOWS\system32\GDI32.dll
0x00007ff9754f0000 - 0x00007ff975764000 	C:\WINDOWS\WinSxS\amd64_microsoft.windows.common-controls_6595b64144ccf1df_6.0.10586.494_none_a2d8b04ea53e3145\COMCTL32.dll
0x00007ff985bd0000 - 0x00007ff985e4d000 	C:\WINDOWS\system32\combase.dll
0x00007ff983190000 - 0x00007ff9831fa000 	C:\WINDOWS\system32\bcryptPrimitives.dll
0x00007ff9837c0000 - 0x00007ff9837fb000 	C:\WINDOWS\system32\IMM32.DLL
0x0000000067e40000 - 0x0000000067f12000 	C:\Program Files\Java\jdk1.8.0_71\jre\bin\msvcr100.dll
0x0000000068300000 - 0x0000000068b8f000 	C:\Program Files\Java\jdk1.8.0_71\jre\bin\server\jvm.dll
0x00007ff9858a0000 - 0x00007ff9858a8000 	C:\WINDOWS\system32\PSAPI.DLL
0x00007ff97f300000 - 0x00007ff97f309000 	C:\WINDOWS\SYSTEM32\WSOCK32.dll
0x00007ff985430000 - 0x00007ff98549b000 	C:\WINDOWS\system32\WS2_32.dll
0x00007ff980780000 - 0x00007ff9807a3000 	C:\WINDOWS\SYSTEM32\WINMM.dll
0x00007ff975030000 - 0x00007ff97503a000 	C:\WINDOWS\SYSTEM32\VERSION.dll
0x00007ff980750000 - 0x00007ff98077c000 	C:\WINDOWS\SYSTEM32\WINMMBASE.dll
0x00007ff983200000 - 0x00007ff983243000 	C:\WINDOWS\system32\cfgmgr32.dll
0x00000000682f0000 - 0x00000000682ff000 	C:\Program Files\Java\jdk1.8.0_71\jre\bin\verify.dll
0x00000000682c0000 - 0x00000000682e9000 	C:\Program Files\Java\jdk1.8.0_71\jre\bin\java.dll
0x00000000682a0000 - 0x00000000682b6000 	C:\Program Files\Java\jdk1.8.0_71\jre\bin\zip.dll
0x00007ff983e70000 - 0x00007ff9853cc000 	C:\WINDOWS\system32\SHELL32.dll
0x00007ff9827c0000 - 0x00007ff982e05000 	C:\WINDOWS\system32\windows.storage.dll
0x00007ff9839f0000 - 0x00007ff983a42000 	C:\WINDOWS\system32\shlwapi.dll
0x00007ff9824f0000 - 0x00007ff9824ff000 	C:\WINDOWS\system32\kernel.appcore.dll
0x00007ff9830d0000 - 0x00007ff983185000 	C:\WINDOWS\system32\shcore.dll
0x00007ff982490000 - 0x00007ff9824db000 	C:\WINDOWS\system32\powrprof.dll
0x00007ff982470000 - 0x00007ff982484000 	C:\WINDOWS\system32\profapi.dll

VM Arguments:
jvm_args: -Djava.awt.headless=true -Xmx1024M -Dfile.encoding=windows-1252 -Duser.country=US -Duser.language=en -Duser.variant 
java_command: com.android.dx.command.Main --dex --force-jumbo --num-threads=4 --multi-dex --output C:\Users\sfene_000\AndroidStudioProjects\Project_eCourage\app\build\intermediates\transforms\dex\debug\folders\1000\10\com.android.support-support-v4-24.0.0_8f35f290fd30edfac89b03a4b7a54c4c06168d49 C:\Users\sfene_000\AndroidStudioProjects\Project_eCourage\app\build\intermediates\exploded-aar\com.android.support\support-v4\24.0.0\jars\classes.jar
java_class_path (initial): C:\Users\sfene_000\AppData\Local\Android\sdk\build-tools\24.0.0\lib\dx.jar
Launcher Type: SUN_STANDARD

Environment Variables:
PATH=C:\Program Files\PHP\v7.0;C:\ProgramData\Oracle\Java\javapath;C:\Program Files (x86)\Intel\iCLS Client\;C:\Program Files\Intel\iCLS Client\;C:\WINDOWS\system32;C:\WINDOWS;C:\WINDOWS\System32\Wbem;C:\WINDOWS\System32\WindowsPowerShell\v1.0\;C:\Program Files\Intel\Intel(R) Management Engine Components\DAL;C:\Program Files\Intel\Intel(R) Management Engine Components\IPT;C:\Program Files (x86)\Intel\Intel(R) Management Engine Components\DAL;C:\Program Files (x86)\Intel\Intel(R) Management Engine Components\IPT;C:\Program Files\Intel\WiFi\bin\;C:\Program Files\Common Files\Intel\WirelessCommon\;C:\Program Files (x86)\QuickTime\QTSystem\;C:\Program Files (x86)\GtkSharp\2.12\bin;C:\Program Files (x86)\Skype\Phone\;C:\Program Files\Git\cmd;C:\Program Files\Microsoft\Web Platform Installer\;C:\Program Files\nodejs\;C:\Program Files (x86)\Heroku\bin;C:\Program Files (x86)\git\cmd;C:\Program Files (x86)\Git\cmd;C:\Users\sfene_000\AppData\Roaming\npm
USERNAME=sfene_000
OS=Windows_NT
PROCESSOR_IDENTIFIER=Intel64 Family 6 Model 69 Stepping 1, GenuineIntel



---------------  S Y S T E M  ---------------

OS: Windows 10.0 , 64 bit Build 10586 (10.0.10586.0)

CPU:total 4 (2 cores per cpu, 2 threads per core) family 6 model 69 stepping 1, cmov, cx8, fxsr, mmx, sse, sse2, sse3, ssse3, sse4.1, sse4.2, popcnt, avx, avx2, aes, clmul, erms, lzcnt, ht, tsc, tscinvbit, bmi1, bmi2

Memory: 4k page, physical 8301524k(1252000k free), swap 10256340k(6648k free)

vm_info: Java HotSpot(TM) 64-Bit Server VM (25.71-b15) for windows-amd64 JRE (1.8.0_71-b15), built on Dec 22 2015 18:15:55 by "java_re" with MS VC++ 10.0 (VS2010)

time: Fri Jul 22 11:00:15 2016
elapsed time: 5 seconds (0d 0h 0m 5s)

