#
# There is insufficient memory for the Java Runtime Environment to continue.
# Native memory allocation (malloc) failed to allocate 953856 bytes for Chunk::new
# Possible reasons:
#   The system is out of physical RAM or swap space
#   In 32 bit mode, the process size limit was hit
# Possible solutions:
#   Reduce memory load on the system
#   Increase physical memory or swap space
#   Check if swap backing store is full
#   Use 64 bit Java on a 64 bit OS
#   Decrease Java heap size (-Xmx/-Xms)
#   Decrease number of Java threads
#   Decrease Java thread stack sizes (-Xss)
#   Set larger code cache with -XX:ReservedCodeCacheSize=
# This output file may be truncated or incomplete.
#
#  Out of Memory Error (allocation.cpp:390), pid=632, tid=4596
#
# JRE version: Java(TM) SE Runtime Environment (8.0_71-b15) (build 1.8.0_71-b15)
# Java VM: Java HotSpot(TM) 64-Bit Server VM (25.71-b15 mixed mode windows-amd64 compressed oops)
# Failed to write core dump. Minidumps are not enabled by default on client versions of Windows
#

---------------  T H R E A D  ---------------

Current thread (0x0000000014a79800):  JavaThread "C2 CompilerThread1" daemon [_thread_in_native, id=4596, stack(0x0000000016170000,0x0000000016270000)]

Stack: [0x0000000016170000,0x0000000016270000]
[error occurred during error reporting (printing stack bounds), id 0xc0000005]

Native frames: (J=compiled Java code, j=interpreted, Vv=VM code, C=native code)


Current CompileTask:
C2:  15686 2114   !   4       com.android.dx.cf.code.RopperMachine::run (1550 bytes)


---------------  P R O C E S S  ---------------

Java Threads: ( => current thread )
  0x0000000016666800 JavaThread "pool-2-thread-4" [_thread_blocked, id=10648, stack(0x0000000016d70000,0x0000000016e70000)]
  0x0000000016666000 JavaThread "pool-2-thread-3" [_thread_blocked, id=10992, stack(0x0000000016c70000,0x0000000016d70000)]
  0x0000000016664800 JavaThread "pool-2-thread-2" [_thread_blocked, id=8552, stack(0x0000000016b70000,0x0000000016c70000)]
  0x0000000016663000 JavaThread "pool-3-thread-1" [_thread_blocked, id=10884, stack(0x0000000016a70000,0x0000000016b70000)]
  0x0000000016654000 JavaThread "pool-2-thread-1" [_thread_in_Java, id=3204, stack(0x0000000016970000,0x0000000016a70000)]
  0x0000000016375800 JavaThread "Service Thread" daemon [_thread_blocked, id=8544, stack(0x0000000016770000,0x0000000016870000)]
  0x0000000014a7c800 JavaThread "C1 CompilerThread2" daemon [_thread_blocked, id=10600, stack(0x0000000016270000,0x0000000016370000)]
=>0x0000000014a79800 JavaThread "C2 CompilerThread1" daemon [_thread_in_native, id=4596, stack(0x0000000016170000,0x0000000016270000)]
  0x0000000014a1d000 JavaThread "C2 CompilerThread0" daemon [_thread_blocked, id=3360, stack(0x0000000016070000,0x0000000016170000)]
  0x0000000014a1b000 JavaThread "Attach Listener" daemon [_thread_blocked, id=8260, stack(0x0000000015f70000,0x0000000016070000)]
  0x0000000014a19800 JavaThread "Signal Dispatcher" daemon [_thread_blocked, id=6792, stack(0x0000000015e70000,0x0000000015f70000)]
  0x0000000002340800 JavaThread "Finalizer" daemon [_thread_blocked, id=6432, stack(0x0000000015c90000,0x0000000015d90000)]
  0x000000000233d800 JavaThread "Reference Handler" daemon [_thread_blocked, id=4916, stack(0x0000000015b90000,0x0000000015c90000)]
  0x000000000224e000 JavaThread "main" [_thread_blocked, id=5876, stack(0x00000000020c0000,0x00000000021c0000)]

Other Threads:
  0x00000000149e8000 VMThread [stack: 0x0000000015a90000,0x0000000015b90000] [id=7680]
  0x000000001638b000 WatcherThread [stack: 0x0000000016870000,0x0000000016970000] [id=10092]

VM state:not at safepoint (normal execution)

VM Mutex/Monitor currently owned by a thread: None

Heap:
 PSYoungGen      total 138240K, used 7014K [0x00000000eab00000, 0x00000000f3700000, 0x0000000100000000)
  eden space 133120K, 1% used [0x00000000eab00000,0x00000000eacdd2d8,0x00000000f2d00000)
  from space 5120K, 99% used [0x00000000f3200000,0x00000000f36fc8c8,0x00000000f3700000)
  to   space 5120K, 0% used [0x00000000f2d00000,0x00000000f2d00000,0x00000000f3200000)
 ParOldGen       total 87552K, used 23340K [0x00000000c0000000, 0x00000000c5580000, 0x00000000eab00000)
  object space 87552K, 26% used [0x00000000c0000000,0x00000000c16cb348,0x00000000c5580000)
 Metaspace       used 6383K, capacity 7152K, committed 7296K, reserved 1056768K
  class space    used 603K, capacity 616K, committed 640K, reserved 1048576K

Card table byte_map: [0x0000000011710000,0x0000000011920000] byte_map_base: 0x0000000011110000

Marking Bits: (ParMarkBitMap*) 0x0000000068b0f600
 Begin Bits: [0x0000000011e80000, 0x0000000012e80000)
 End Bits:   [0x0000000012e80000, 0x0000000013e80000)

Polling page: 0x00000000001f0000

CodeCache: size=245760Kb used=10188Kb max_used=10188Kb free=235571Kb
 bounds [0x0000000002350000, 0x0000000002d50000, 0x0000000011350000]
 total_blobs=2337 nmethods=2067 adapters=182
 compilation: enabled

Compilation events (10 events):
Event: 15.489 Thread 0x0000000014a7c800 nmethod 2107 0x0000000002d1c810 code [0x0000000002d1c9c0, 0x0000000002d1d028]
Event: 15.491 Thread 0x0000000014a7c800 2110       3       java.util.concurrent.atomic.AtomicInteger::getAndIncrement (12 bytes)
Event: 15.491 Thread 0x0000000014a7c800 nmethod 2110 0x0000000002cafdd0 code [0x0000000002caff20, 0x0000000002cb0070]
Event: 15.491 Thread 0x0000000014a7c800 2111       3       com.android.dx.util.ByteArray::<init> (9 bytes)
Event: 15.492 Thread 0x0000000014a7c800 nmethod 2111 0x0000000002d05290 code [0x0000000002d05400, 0x0000000002d05588]
Event: 15.496 Thread 0x0000000014a7c800 2112       3       java.util.zip.ZipEntry::isDirectory (10 bytes)
Event: 15.496 Thread 0x0000000014a7c800 nmethod 2112 0x0000000002d1c210 code [0x0000000002d1c380, 0x0000000002d1c6a8]
Event: 15.646 Thread 0x0000000014a7c800 2113   !   3       com.android.dx.dex.file.UniformListItem::getAlignment (40 bytes)
Event: 15.646 Thread 0x0000000014a7c800 nmethod 2113 0x0000000002d1b810 code [0x0000000002d1b9c0, 0x0000000002d1bf88]
Event: 15.647 Thread 0x0000000014a79800 2114   !   4       com.android.dx.cf.code.RopperMachine::run (1550 bytes)

GC Heap History (8 events):
Event: 4.386 GC heap before
{Heap before GC invocations=1 (full 0):
 PSYoungGen      total 38400K, used 33280K [0x00000000eab00000, 0x00000000ed580000, 0x0000000100000000)
  eden space 33280K, 100% used [0x00000000eab00000,0x00000000ecb80000,0x00000000ecb80000)
  from space 5120K, 0% used [0x00000000ed080000,0x00000000ed080000,0x00000000ed580000)
  to   space 5120K, 0% used [0x00000000ecb80000,0x00000000ecb80000,0x00000000ed080000)
 ParOldGen       total 87552K, used 0K [0x00000000c0000000, 0x00000000c5580000, 0x00000000eab00000)
  object space 87552K, 0% used [0x00000000c0000000,0x00000000c0000000,0x00000000c5580000)
 Metaspace       used 5904K, capacity 6768K, committed 7040K, reserved 1056768K
  class space    used 600K, capacity 616K, committed 640K, reserved 1048576K
Event: 4.442 GC heap after
Heap after GC invocations=1 (full 0):
 PSYoungGen      total 38400K, used 4804K [0x00000000eab00000, 0x00000000ef600000, 0x0000000100000000)
  eden space 33280K, 0% used [0x00000000eab00000,0x00000000eab00000,0x00000000ecb80000)
  from space 5120K, 93% used [0x00000000ecb80000,0x00000000ed031230,0x00000000ed080000)
  to   space 5120K, 0% used [0x00000000ef100000,0x00000000ef100000,0x00000000ef600000)
 ParOldGen       total 87552K, used 16K [0x00000000c0000000, 0x00000000c5580000, 0x00000000eab00000)
  object space 87552K, 0% used [0x00000000c0000000,0x00000000c0004000,0x00000000c5580000)
 Metaspace       used 5904K, capacity 6768K, committed 7040K, reserved 1056768K
  class space    used 600K, capacity 616K, committed 640K, reserved 1048576K
}
Event: 5.160 GC heap before
{Heap before GC invocations=2 (full 0):
 PSYoungGen      total 38400K, used 38084K [0x00000000eab00000, 0x00000000ef600000, 0x0000000100000000)
  eden space 33280K, 100% used [0x00000000eab00000,0x00000000ecb80000,0x00000000ecb80000)
  from space 5120K, 93% used [0x00000000ecb80000,0x00000000ed031230,0x00000000ed080000)
  to   space 5120K, 0% used [0x00000000ef100000,0x00000000ef100000,0x00000000ef600000)
 ParOldGen       total 87552K, used 16K [0x00000000c0000000, 0x00000000c5580000, 0x00000000eab00000)
  object space 87552K, 0% used [0x00000000c0000000,0x00000000c0004000,0x00000000c5580000)
 Metaspace       used 6164K, capacity 7024K, committed 7296K, reserved 1056768K
  class space    used 602K, capacity 616K, committed 640K, reserved 1048576K
Event: 5.242 GC heap after
Heap after GC invocations=2 (full 0):
 PSYoungGen      total 71680K, used 5090K [0x00000000eab00000, 0x00000000ef600000, 0x0000000100000000)
  eden space 66560K, 0% used [0x00000000eab00000,0x00000000eab00000,0x00000000eec00000)
  from space 5120K, 99% used [0x00000000ef100000,0x00000000ef5f88d8,0x00000000ef600000)
  to   space 5120K, 0% used [0x00000000eec00000,0x00000000eec00000,0x00000000ef100000)
 ParOldGen       total 87552K, used 3531K [0x00000000c0000000, 0x00000000c5580000, 0x00000000eab00000)
  object space 87552K, 4% used [0x00000000c0000000,0x00000000c0372fe0,0x00000000c5580000)
 Metaspace       used 6164K, capacity 7024K, committed 7296K, reserved 1056768K
  class space    used 602K, capacity 616K, committed 640K, reserved 1048576K
}
Event: 11.971 GC heap before
{Heap before GC invocations=3 (full 0):
 PSYoungGen      total 71680K, used 71650K [0x00000000eab00000, 0x00000000ef600000, 0x0000000100000000)
  eden space 66560K, 100% used [0x00000000eab00000,0x00000000eec00000,0x00000000eec00000)
  from space 5120K, 99% used [0x00000000ef100000,0x00000000ef5f88d8,0x00000000ef600000)
  to   space 5120K, 0% used [0x00000000eec00000,0x00000000eec00000,0x00000000ef100000)
 ParOldGen       total 87552K, used 3531K [0x00000000c0000000, 0x00000000c5580000, 0x00000000eab00000)
  object space 87552K, 4% used [0x00000000c0000000,0x00000000c0372fe0,0x00000000c5580000)
 Metaspace       used 6281K, capacity 7088K, committed 7296K, reserved 1056768K
  class space    used 603K, capacity 616K, committed 640K, reserved 1048576K
Event: 12.267 GC heap after
Heap after GC invocations=3 (full 0):
 PSYoungGen      total 71680K, used 5096K [0x00000000eab00000, 0x00000000f3700000, 0x0000000100000000)
  eden space 66560K, 0% used [0x00000000eab00000,0x00000000eab00000,0x00000000eec00000)
  from space 5120K, 99% used [0x00000000eec00000,0x00000000ef0fa298,0x00000000ef100000)
  to   space 5120K, 0% used [0x00000000f3200000,0x00000000f3200000,0x00000000f3700000)
 ParOldGen       total 87552K, used 12627K [0x00000000c0000000, 0x00000000c5580000, 0x00000000eab00000)
  object space 87552K, 14% used [0x00000000c0000000,0x00000000c0c54ff8,0x00000000c5580000)
 Metaspace       used 6281K, capacity 7088K, committed 7296K, reserved 1056768K
  class space    used 603K, capacity 616K, committed 640K, reserved 1048576K
}
Event: 15.499 GC heap before
{Heap before GC invocations=4 (full 0):
 PSYoungGen      total 71680K, used 71656K [0x00000000eab00000, 0x00000000f3700000, 0x0000000100000000)
  eden space 66560K, 100% used [0x00000000eab00000,0x00000000eec00000,0x00000000eec00000)
  from space 5120K, 99% used [0x00000000eec00000,0x00000000ef0fa298,0x00000000ef100000)
  to   space 5120K, 0% used [0x00000000f3200000,0x00000000f3200000,0x00000000f3700000)
 ParOldGen       total 87552K, used 12627K [0x00000000c0000000, 0x00000000c5580000, 0x00000000eab00000)
  object space 87552K, 14% used [0x00000000c0000000,0x00000000c0c54ff8,0x00000000c5580000)
 Metaspace       used 6382K, capacity 7152K, committed 7296K, reserved 1056768K
  class space    used 603K, capacity 616K, committed 640K, reserved 1048576K
Event: 15.645 GC heap after
Heap after GC invocations=4 (full 0):
 PSYoungGen      total 138240K, used 5106K [0x00000000eab00000, 0x00000000f3700000, 0x0000000100000000)
  eden space 133120K, 0% used [0x00000000eab00000,0x00000000eab00000,0x00000000f2d00000)
  from space 5120K, 99% used [0x00000000f3200000,0x00000000f36fc8c8,0x00000000f3700000)
  to   space 5120K, 0% used [0x00000000f2d00000,0x00000000f2d00000,0x00000000f3200000)
 ParOldGen       total 87552K, used 23340K [0x00000000c0000000, 0x00000000c5580000, 0x00000000eab00000)
  object space 87552K, 26% used [0x00000000c0000000,0x00000000c16cb348,0x00000000c5580000)
 Metaspace       used 6382K, capacity 7152K, committed 7296K, reserved 1056768K
  class space    used 603K, capacity 616K, committed 640K, reserved 1048576K
}

Deoptimization events (10 events):
Event: 14.093 Thread 0x0000000016654000 Uncommon trap: reason=bimorphic action=maybe_recompile pc=0x0000000002c991c8 method=com.android.dx.cf.code.BytecodeArray.parseInstruction(ILcom/android/dx/cf/code/BytecodeArray$Visitor;)I @ 2281
Event: 15.032 Thread 0x000000000224e000 Uncommon trap: reason=unloaded action=reinterpret pc=0x0000000002b632c0 method=com.android.dx.cf.cst.ConstantPoolParser.parse0(ILjava/util/BitSet;)Lcom/android/dx/rop/cst/Constant; @ 220
Event: 15.044 Thread 0x0000000016666800 Uncommon trap: reason=unstable_if action=reinterpret pc=0x0000000002a5412c method=com.android.dx.ssa.SCCP.simulateStmt(Lcom/android/dx/ssa/SsaInsn;)V @ 53
Event: 15.050 Thread 0x0000000016666800 Uncommon trap: reason=unstable_if action=reinterpret pc=0x0000000002b36fa0 method=com.android.dx.ssa.SCCP.simulateBranch(Lcom/android/dx/ssa/SsaInsn;)V @ 548
Event: 15.057 Thread 0x0000000016666800 Uncommon trap: reason=class_check action=maybe_recompile pc=0x0000000002cda64c method=com.android.dx.cf.code.BytecodeArray.parseInstruction(ILcom/android/dx/cf/code/BytecodeArray$Visitor;)I @ 1807
Event: 15.057 Thread 0x0000000016666800 Uncommon trap: reason=class_check action=maybe_recompile pc=0x0000000002cda64c method=com.android.dx.cf.code.BytecodeArray.parseInstruction(ILcom/android/dx/cf/code/BytecodeArray$Visitor;)I @ 1807
Event: 15.057 Thread 0x0000000016666800 Uncommon trap: reason=class_check action=maybe_recompile pc=0x0000000002cda64c method=com.android.dx.cf.code.BytecodeArray.parseInstruction(ILcom/android/dx/cf/code/BytecodeArray$Visitor;)I @ 1807
Event: 15.057 Thread 0x0000000016666800 Uncommon trap: reason=class_check action=maybe_recompile pc=0x0000000002cda64c method=com.android.dx.cf.code.BytecodeArray.parseInstruction(ILcom/android/dx/cf/code/BytecodeArray$Visitor;)I @ 1807
Event: 15.068 Thread 0x0000000016666800 Uncommon trap: reason=class_check action=maybe_recompile pc=0x000000000283b500 method=java.util.HashMap.putVal(ILjava/lang/Object;Ljava/lang/Object;ZZ)Ljava/lang/Object; @ 203
Event: 15.095 Thread 0x0000000016666800 Uncommon trap: reason=bimorphic action=maybe_recompile pc=0x0000000002995088 method=com.android.dx.rop.code.RegisterSpec.withSimpleType()Lcom/android/dx/rop/code/RegisterSpec; @ 21

Internal exceptions (3 events):
Event: 0.232 Thread 0x000000000224e000 Exception <a 'java/lang/NoSuchMethodError': Method sun.misc.Unsafe.defineClass(Ljava/lang/String;[BII)Ljava/lang/Class; name or signature does not match> (0x00000000eab0d9a0) thrown at [C:\re\workspace\8-2-build-windows-amd64-cygwin\jdk8u71\5731\hotspot\srëlV+g≈Õ?
Event: 0.233 Thread 0x000000000224e000 Exception <a 'java/lang/NoSuchMethodError': Method sun.misc.Unsafe.prefetchRead(Ljava/lang/Object;J)V name or signature does not match> (0x00000000eab0dc88) thrown at [C:\re\workspace\8-2-build-windows-amd64-cygwin\jdk8u71\5731\hotspot\src\share\vm\prims\j1{{ *@
Event: 13.047 Thread 0x0000000016666000 Implicit null exception at 0x0000000002bcdd57 to 0x0000000002bce9dd

Events (10 events):
Event: 15.068 Thread 0x0000000016666800 DEOPT PACKING pc=0x0000000002794e51 sp=0x0000000016e6e6b0
Event: 15.068 Thread 0x0000000016666800 DEOPT UNPACKING pc=0x000000000239787f sp=0x0000000016e6e490 mode 0
Event: 15.068 Thread 0x0000000016666800 Uncommon trap: trap_request=0xffffffde fr.pc=0x000000000283b500
Event: 15.068 Thread 0x0000000016666800 DEOPT PACKING pc=0x000000000283b500 sp=0x0000000016e6e6e0
Event: 15.068 Thread 0x0000000016666800 DEOPT UNPACKING pc=0x000000000239582a sp=0x0000000016e6e668 mode 2
Event: 15.095 Thread 0x0000000016666800 Uncommon trap: trap_request=0xffffffc6 fr.pc=0x0000000002995088
Event: 15.095 Thread 0x0000000016666800 DEOPT PACKING pc=0x0000000002995088 sp=0x0000000016e6ec00
Event: 15.095 Thread 0x0000000016666800 DEOPT UNPACKING pc=0x000000000239582a sp=0x0000000016e6eb78 mode 2
Event: 15.496 Executing VM operation: ParallelGCFailedAllocation
Event: 15.645 Executing VM operation: ParallelGCFailedAllocation done


Dynamic libraries:
0x00007ff736ab0000 - 0x00007ff736ae7000 	C:\Program Files\Java\jdk1.8.0_71\bin\java.exe
0x00007ff985e50000 - 0x00007ff986011000 	C:\WINDOWS\SYSTEM32\ntdll.dll
0x00007ff985960000 - 0x00007ff985a0d000 	C:\WINDOWS\system32\KERNEL32.DLL
0x00007ff9825b0000 - 0x00007ff982798000 	C:\WINDOWS\system32\KERNELBASE.dll
0x00007ff9857f0000 - 0x00007ff985897000 	C:\WINDOWS\system32\ADVAPI32.dll
0x00007ff985a10000 - 0x00007ff985aad000 	C:\WINDOWS\system32\msvcrt.dll
0x00007ff985720000 - 0x00007ff98577b000 	C:\WINDOWS\system32\sechost.dll
0x00007ff985ab0000 - 0x00007ff985bcc000 	C:\WINDOWS\system32\RPCRT4.dll
0x00007ff983d00000 - 0x00007ff983e56000 	C:\WINDOWS\system32\USER32.dll
0x00007ff983860000 - 0x00007ff9839e6000 	C:\WINDOWS\system32\GDI32.dll
0x00007ff9754f0000 - 0x00007ff975764000 	C:\WINDOWS\WinSxS\amd64_microsoft.windows.common-controls_6595b64144ccf1df_6.0.10586.494_none_a2d8b04ea53e3145\COMCTL32.dll
0x00007ff985bd0000 - 0x00007ff985e4d000 	C:\WINDOWS\system32\combase.dll
0x00007ff983190000 - 0x00007ff9831fa000 	C:\WINDOWS\system32\bcryptPrimitives.dll
0x00007ff9837c0000 - 0x00007ff9837fb000 	C:\WINDOWS\system32\IMM32.DLL
0x0000000067e40000 - 0x0000000067f12000 	C:\Program Files\Java\jdk1.8.0_71\jre\bin\msvcr100.dll
0x0000000068300000 - 0x0000000068b8f000 	C:\Program Files\Java\jdk1.8.0_71\jre\bin\server\jvm.dll
0x00007ff9858a0000 - 0x00007ff9858a8000 	C:\WINDOWS\system32\PSAPI.DLL
0x00007ff97f300000 - 0x00007ff97f309000 	C:\WINDOWS\SYSTEM32\WSOCK32.dll
0x00007ff985430000 - 0x00007ff98549b000 	C:\WINDOWS\system32\WS2_32.dll
0x00007ff980780000 - 0x00007ff9807a3000 	C:\WINDOWS\SYSTEM32\WINMM.dll
0x00007ff975030000 - 0x00007ff97503a000 	C:\WINDOWS\SYSTEM32\VERSION.dll
0x00007ff980750000 - 0x00007ff98077c000 	C:\WINDOWS\SYSTEM32\WINMMBASE.dll
0x00007ff983200000 - 0x00007ff983243000 	C:\WINDOWS\system32\cfgmgr32.dll
0x00000000682f0000 - 0x00000000682ff000 	C:\Program Files\Java\jdk1.8.0_71\jre\bin\verify.dll
0x00000000682c0000 - 0x00000000682e9000 	C:\Program Files\Java\jdk1.8.0_71\jre\bin\java.dll
0x00000000682a0000 - 0x00000000682b6000 	C:\Program Files\Java\jdk1.8.0_71\jre\bin\zip.dll
0x00007ff983e70000 - 0x00007ff9853cc000 	C:\WINDOWS\system32\SHELL32.dll
0x00007ff9827c0000 - 0x00007ff982e05000 	C:\WINDOWS\system32\windows.storage.dll
0x00007ff9839f0000 - 0x00007ff983a42000 	C:\WINDOWS\system32\shlwapi.dll
0x00007ff9824f0000 - 0x00007ff9824ff000 	C:\WINDOWS\system32\kernel.appcore.dll
0x00007ff9830d0000 - 0x00007ff983185000 	C:\WINDOWS\system32\shcore.dll
0x00007ff982490000 - 0x00007ff9824db000 	C:\WINDOWS\system32\powrprof.dll
0x00007ff982470000 - 0x00007ff982484000 	C:\WINDOWS\system32\profapi.dll

VM Arguments:
jvm_args: -Djava.awt.headless=true -Xmx1024M -Dfile.encoding=windows-1252 -Duser.country=US -Duser.language=en -Duser.variant 
java_command: com.android.dx.command.Main --dex --force-jumbo --num-threads=4 --multi-dex --output C:\Users\sfene_000\AndroidStudioProjects\Project_eCourage\app\build\intermediates\transforms\dex\debug\folders\1000\10\com.android.support-support-v4-24.0.0_8f35f290fd30edfac89b03a4b7a54c4c06168d49 C:\Users\sfene_000\AndroidStudioProjects\Project_eCourage\app\build\intermediates\exploded-aar\com.android.support\support-v4\24.0.0\jars\classes.jar
java_class_path (initial): C:\Users\sfene_000\AppData\Local\Android\sdk\build-tools\24.0.0\lib\dx.jar
Launcher Type: SUN_STANDARD

Environment Variables:
PATH=C:\Program Files\PHP\v7.0;C:\ProgramData\Oracle\Java\javapath;C:\Program Files (x86)\Intel\iCLS Client\;C:\Program Files\Intel\iCLS Client\;C:\WINDOWS\system32;C:\WINDOWS;C:\WINDOWS\System32\Wbem;C:\WINDOWS\System32\WindowsPowerShell\v1.0\;C:\Program Files\Intel\Intel(R) Management Engine Components\DAL;C:\Program Files\Intel\Intel(R) Management Engine Components\IPT;C:\Program Files (x86)\Intel\Intel(R) Management Engine Components\DAL;C:\Program Files (x86)\Intel\Intel(R) Management Engine Components\IPT;C:\Program Files\Intel\WiFi\bin\;C:\Program Files\Common Files\Intel\WirelessCommon\;C:\Program Files (x86)\QuickTime\QTSystem\;C:\Program Files (x86)\GtkSharp\2.12\bin;C:\Program Files (x86)\Skype\Phone\;C:\Program Files\Git\cmd;C:\Program Files\Microsoft\Web Platform Installer\;C:\Program Files\nodejs\;C:\Program Files (x86)\Heroku\bin;C:\Program Files (x86)\git\cmd;C:\Program Files (x86)\Git\cmd;C:\Users\sfene_000\AppData\Roaming\npm
USERNAME=sfene_000
OS=Windows_NT
PROCESSOR_IDENTIFIER=Intel64 Family 6 Model 69 Stepping 1, GenuineIntel



---------------  S Y S T E M  ---------------

OS: Windows 10.0 , 64 bit Build 10586 (10.0.10586.0)

CPU:total 4 (2 cores per cpu, 2 threads per core) family 6 model 69 stepping 1, cmov, cx8, fxsr, mmx, sse, sse2, sse3, ssse3, sse4.1, sse4.2, popcnt, avx, avx2, aes, clmul, erms, lzcnt, ht, tsc, tscinvbit, bmi1, bmi2

Memory: 4k page, physical 8301524k(1309160k free), swap 10256340k(5124k free)

vm_info: Java HotSpot(TM) 64-Bit Server VM (25.71-b15) for windows-amd64 JRE (1.8.0_71-b15), built on Dec 22 2015 18:15:55 by "java_re" with MS VC++ 10.0 (VS2010)

time: Fri Jul 22 11:03:15 2016
elapsed time: 15 seconds (0d 0h 0m 15s)

