#
# There is insufficient memory for the Java Runtime Environment to continue.
# Native memory allocation (malloc) failed to allocate 1757776 bytes for Chunk::new
# Possible reasons:
#   The system is out of physical RAM or swap space
#   In 32 bit mode, the process size limit was hit
# Possible solutions:
#   Reduce memory load on the system
#   Increase physical memory or swap space
#   Check if swap backing store is full
#   Use 64 bit Java on a 64 bit OS
#   Decrease Java heap size (-Xmx/-Xms)
#   Decrease number of Java threads
#   Decrease Java thread stack sizes (-Xss)
#   Set larger code cache with -XX:ReservedCodeCacheSize=
# This output file may be truncated or incomplete.
#
#  Out of Memory Error (allocation.cpp:390), pid=12236, tid=6564
#
# JRE version: Java(TM) SE Runtime Environment (8.0_71-b15) (build 1.8.0_71-b15)
# Java VM: Java HotSpot(TM) 64-Bit Server VM (25.71-b15 mixed mode windows-amd64 compressed oops)
# Failed to write core dump. Minidumps are not enabled by default on client versions of Windows
#

---------------  T H R E A D  ---------------

Current thread (0x00000000153a9800):  JavaThread "C2 CompilerThread1" daemon [_thread_in_native, id=6564, stack(0x0000000016a80000,0x0000000016b80000)]

Stack: [0x0000000016a80000,0x0000000016b80000]
[error occurred during error reporting (printing stack bounds), id 0xc0000005]

Native frames: (J=compiled Java code, j=interpreted, Vv=VM code, C=native code)


Current CompileTask:
C2:  18376 2233   !   4       com.android.dx.cf.code.BytecodeArray::parseInstruction (2764 bytes)


---------------  P R O C E S S  ---------------

Java Threads: ( => current thread )
  0x0000000016ed2800 JavaThread "pool-2-thread-4" [_thread_blocked, id=5668, stack(0x0000000017680000,0x0000000017780000)]
  0x0000000016ed2000 JavaThread "pool-2-thread-3" [_thread_blocked, id=8600, stack(0x0000000017580000,0x0000000017680000)]
  0x0000000016f33800 JavaThread "pool-2-thread-2" [_thread_in_Java, id=2364, stack(0x0000000017480000,0x0000000017580000)]
  0x0000000016f31000 JavaThread "pool-3-thread-1" [_thread_blocked, id=6264, stack(0x0000000017380000,0x0000000017480000)]
  0x0000000016f24000 JavaThread "pool-2-thread-1" [_thread_blocked, id=4544, stack(0x0000000017280000,0x0000000017380000)]
  0x0000000016c82800 JavaThread "Service Thread" daemon [_thread_blocked, id=11612, stack(0x0000000017080000,0x0000000017180000)]
  0x00000000153ac800 JavaThread "C1 CompilerThread2" daemon [_thread_blocked, id=11660, stack(0x0000000016b80000,0x0000000016c80000)]
=>0x00000000153a9800 JavaThread "C2 CompilerThread1" daemon [_thread_in_native, id=6564, stack(0x0000000016a80000,0x0000000016b80000)]
  0x000000001534d000 JavaThread "C2 CompilerThread0" daemon [_thread_in_native, id=5308, stack(0x0000000016980000,0x0000000016a80000)]
  0x000000001534b000 JavaThread "Attach Listener" daemon [_thread_blocked, id=9800, stack(0x0000000016880000,0x0000000016980000)]
  0x0000000015349800 JavaThread "Signal Dispatcher" daemon [_thread_blocked, id=4412, stack(0x0000000016780000,0x0000000016880000)]
  0x0000000002c70800 JavaThread "Finalizer" daemon [_thread_blocked, id=11512, stack(0x00000000165a0000,0x00000000166a0000)]
  0x0000000002c6d800 JavaThread "Reference Handler" daemon [_thread_blocked, id=10552, stack(0x00000000164a0000,0x00000000165a0000)]
  0x00000000028ce000 JavaThread "main" [_thread_blocked, id=9556, stack(0x0000000002980000,0x0000000002a80000)]

Other Threads:
  0x0000000015318000 VMThread [stack: 0x00000000163a0000,0x00000000164a0000] [id=9740]
  0x0000000016c8a800 WatcherThread [stack: 0x0000000017180000,0x0000000017280000] [id=9312]

VM state:not at safepoint (normal execution)

VM Mutex/Monitor currently owned by a thread: None

Heap:
 PSYoungGen      total 138240K, used 15879K [0x00000000eab00000, 0x00000000fe600000, 0x0000000100000000)
  eden space 133120K, 8% used [0x00000000eab00000,0x00000000eb5857c8,0x00000000f2d00000)
  from space 5120K, 99% used [0x00000000f2d00000,0x00000000f31fc668,0x00000000f3200000)
  to   space 28160K, 0% used [0x00000000fca80000,0x00000000fca80000,0x00000000fe600000)
 ParOldGen       total 87552K, used 44015K [0x00000000c0000000, 0x00000000c5580000, 0x00000000eab00000)
  object space 87552K, 50% used [0x00000000c0000000,0x00000000c2afbc50,0x00000000c5580000)
 Metaspace       used 6510K, capacity 7256K, committed 7424K, reserved 1056768K
  class space    used 623K, capacity 656K, committed 768K, reserved 1048576K

Card table byte_map: [0x0000000012040000,0x0000000012250000] byte_map_base: 0x0000000011a40000

Marking Bits: (ParMarkBitMap*) 0x000000006f7af600
 Begin Bits: [0x00000000127b0000, 0x00000000137b0000)
 End Bits:   [0x00000000137b0000, 0x00000000147b0000)

Polling page: 0x00000000027e0000

CodeCache: size=245760Kb used=8478Kb max_used=9931Kb free=237281Kb
 bounds [0x0000000002c80000, 0x0000000003640000, 0x0000000011c80000]
 total_blobs=2043 nmethods=1773 adapters=182
 compilation: enabled

Compilation events (10 events):
Event: 18.350 Thread 0x00000000153ac800 2245       2       com.android.dx.ssa.SsaMethod::onInsnRemoved (43 bytes)
Event: 18.350 Thread 0x00000000153ac800 nmethod 2245 0x0000000002e86e10 code [0x0000000002e86f80, 0x0000000002e871b8]
Event: 18.351 Thread 0x00000000153ac800 2246       2       com.android.dx.ssa.ConstCollector$1::compare (13 bytes)
Event: 18.352 Thread 0x00000000153ac800 nmethod 2246 0x0000000002d953d0 code [0x0000000002d95540, 0x0000000002d95708]
Event: 18.357 Thread 0x00000000153ac800 2247 %     3       com.android.dx.ssa.SsaMethod::deleteInsns @ 42 (239 bytes)
Event: 18.360 Thread 0x00000000153ac800 nmethod 2247% 0x0000000002ebd890 code [0x0000000002ebdca0, 0x0000000002ec0368]
Event: 18.361 Thread 0x00000000153ac800 2248       3       com.android.dx.ssa.SsaMethod::deleteInsns (239 bytes)
Event: 18.364 Thread 0x00000000153ac800 nmethod 2248 0x0000000002edce50 code [0x0000000002edd240, 0x0000000002edf6b8]
Event: 18.364 Thread 0x00000000153ac800 2249       2       com.android.dx.ssa.SsaMethod::getExitBlock (26 bytes)
Event: 18.365 Thread 0x00000000153ac800 nmethod 2249 0x0000000002f61210 code [0x0000000002f613a0, 0x0000000002f61658]

GC Heap History (10 events):
Event: 5.592 GC heap before
{Heap before GC invocations=1 (full 0):
 PSYoungGen      total 38400K, used 33280K [0x00000000eab00000, 0x00000000ed580000, 0x0000000100000000)
  eden space 33280K, 100% used [0x00000000eab00000,0x00000000ecb80000,0x00000000ecb80000)
  from space 5120K, 0% used [0x00000000ed080000,0x00000000ed080000,0x00000000ed580000)
  to   space 5120K, 0% used [0x00000000ecb80000,0x00000000ecb80000,0x00000000ed080000)
 ParOldGen       total 87552K, used 0K [0x00000000c0000000, 0x00000000c5580000, 0x00000000eab00000)
  object space 87552K, 0% used [0x00000000c0000000,0x00000000c0000000,0x00000000c5580000)
 Metaspace       used 5790K, capacity 6704K, committed 6784K, reserved 1056768K
  class space    used 600K, capacity 616K, committed 640K, reserved 1048576K
Event: 5.656 GC heap after
Heap after GC invocations=1 (full 0):
 PSYoungGen      total 38400K, used 4838K [0x00000000eab00000, 0x00000000ef600000, 0x0000000100000000)
  eden space 33280K, 0% used [0x00000000eab00000,0x00000000eab00000,0x00000000ecb80000)
  from space 5120K, 94% used [0x00000000ecb80000,0x00000000ed039aa8,0x00000000ed080000)
  to   space 5120K, 0% used [0x00000000ef100000,0x00000000ef100000,0x00000000ef600000)
 ParOldGen       total 87552K, used 8K [0x00000000c0000000, 0x00000000c5580000, 0x00000000eab00000)
  object space 87552K, 0% used [0x00000000c0000000,0x00000000c0002000,0x00000000c5580000)
 Metaspace       used 5790K, capacity 6704K, committed 6784K, reserved 1056768K
  class space    used 600K, capacity 616K, committed 640K, reserved 1048576K
}
Event: 8.193 GC heap before
{Heap before GC invocations=2 (full 0):
 PSYoungGen      total 38400K, used 38118K [0x00000000eab00000, 0x00000000ef600000, 0x0000000100000000)
  eden space 33280K, 100% used [0x00000000eab00000,0x00000000ecb80000,0x00000000ecb80000)
  from space 5120K, 94% used [0x00000000ecb80000,0x00000000ed039aa8,0x00000000ed080000)
  to   space 5120K, 0% used [0x00000000ef100000,0x00000000ef100000,0x00000000ef600000)
 ParOldGen       total 87552K, used 8K [0x00000000c0000000, 0x00000000c5580000, 0x00000000eab00000)
  object space 87552K, 0% used [0x00000000c0000000,0x00000000c0002000,0x00000000c5580000)
 Metaspace       used 6171K, capacity 7024K, committed 7296K, reserved 1056768K
  class space    used 602K, capacity 616K, committed 640K, reserved 1048576K
Event: 8.360 GC heap after
Heap after GC invocations=2 (full 0):
 PSYoungGen      total 71680K, used 5090K [0x00000000eab00000, 0x00000000ef600000, 0x0000000100000000)
  eden space 66560K, 0% used [0x00000000eab00000,0x00000000eab00000,0x00000000eec00000)
  from space 5120K, 99% used [0x00000000ef100000,0x00000000ef5f88d8,0x00000000ef600000)
  to   space 5120K, 0% used [0x00000000eec00000,0x00000000eec00000,0x00000000ef100000)
 ParOldGen       total 87552K, used 3643K [0x00000000c0000000, 0x00000000c5580000, 0x00000000eab00000)
  object space 87552K, 4% used [0x00000000c0000000,0x00000000c038ecc0,0x00000000c5580000)
 Metaspace       used 6171K, capacity 7024K, committed 7296K, reserved 1056768K
  class space    used 602K, capacity 616K, committed 640K, reserved 1048576K
}
Event: 9.718 GC heap before
{Heap before GC invocations=3 (full 0):
 PSYoungGen      total 71680K, used 71650K [0x00000000eab00000, 0x00000000ef600000, 0x0000000100000000)
  eden space 66560K, 100% used [0x00000000eab00000,0x00000000eec00000,0x00000000eec00000)
  from space 5120K, 99% used [0x00000000ef100000,0x00000000ef5f88d8,0x00000000ef600000)
  to   space 5120K, 0% used [0x00000000eec00000,0x00000000eec00000,0x00000000ef100000)
 ParOldGen       total 87552K, used 3643K [0x00000000c0000000, 0x00000000c5580000, 0x00000000eab00000)
  object space 87552K, 4% used [0x00000000c0000000,0x00000000c038ecc0,0x00000000c5580000)
 Metaspace       used 6260K, capacity 7088K, committed 7296K, reserved 1056768K
  class space    used 602K, capacity 616K, committed 640K, reserved 1048576K
Event: 9.773 GC heap after
Heap after GC invocations=3 (full 0):
 PSYoungGen      total 71680K, used 5096K [0x00000000eab00000, 0x00000000f3700000, 0x0000000100000000)
  eden space 66560K, 0% used [0x00000000eab00000,0x00000000eab00000,0x00000000eec00000)
  from space 5120K, 99% used [0x00000000eec00000,0x00000000ef0fa298,0x00000000ef100000)
  to   space 5120K, 0% used [0x00000000f3200000,0x00000000f3200000,0x00000000f3700000)
 ParOldGen       total 87552K, used 13240K [0x00000000c0000000, 0x00000000c5580000, 0x00000000eab00000)
  object space 87552K, 15% used [0x00000000c0000000,0x00000000c0cee290,0x00000000c5580000)
 Metaspace       used 6260K, capacity 7088K, committed 7296K, reserved 1056768K
  class space    used 602K, capacity 616K, committed 640K, reserved 1048576K
}
Event: 13.644 GC heap before
{Heap before GC invocations=4 (full 0):
 PSYoungGen      total 71680K, used 71656K [0x00000000eab00000, 0x00000000f3700000, 0x0000000100000000)
  eden space 66560K, 100% used [0x00000000eab00000,0x00000000eec00000,0x00000000eec00000)
  from space 5120K, 99% used [0x00000000eec00000,0x00000000ef0fa298,0x00000000ef100000)
  to   space 5120K, 0% used [0x00000000f3200000,0x00000000f3200000,0x00000000f3700000)
 ParOldGen       total 87552K, used 13240K [0x00000000c0000000, 0x00000000c5580000, 0x00000000eab00000)
  object space 87552K, 15% used [0x00000000c0000000,0x00000000c0cee290,0x00000000c5580000)
 Metaspace       used 6331K, capacity 7152K, committed 7296K, reserved 1056768K
  class space    used 603K, capacity 616K, committed 640K, reserved 1048576K
Event: 14.178 GC heap after
Heap after GC invocations=4 (full 0):
 PSYoungGen      total 138240K, used 5113K [0x00000000eab00000, 0x00000000f3700000, 0x0000000100000000)
  eden space 133120K, 0% used [0x00000000eab00000,0x00000000eab00000,0x00000000f2d00000)
  from space 5120K, 99% used [0x00000000f3200000,0x00000000f36fe420,0x00000000f3700000)
  to   space 5120K, 0% used [0x00000000f2d00000,0x00000000f2d00000,0x00000000f3200000)
 ParOldGen       total 87552K, used 22862K [0x00000000c0000000, 0x00000000c5580000, 0x00000000eab00000)
  object space 87552K, 26% used [0x00000000c0000000,0x00000000c1653ae8,0x00000000c5580000)
 Metaspace       used 6331K, capacity 7152K, committed 7296K, reserved 1056768K
  class space    used 603K, capacity 616K, committed 640K, reserved 1048576K
}
Event: 18.095 GC heap before
{Heap before GC invocations=5 (full 0):
 PSYoungGen      total 138240K, used 138233K [0x00000000eab00000, 0x00000000f3700000, 0x0000000100000000)
  eden space 133120K, 100% used [0x00000000eab00000,0x00000000f2d00000,0x00000000f2d00000)
  from space 5120K, 99% used [0x00000000f3200000,0x00000000f36fe420,0x00000000f3700000)
  to   space 5120K, 0% used [0x00000000f2d00000,0x00000000f2d00000,0x00000000f3200000)
 ParOldGen       total 87552K, used 22862K [0x00000000c0000000, 0x00000000c5580000, 0x00000000eab00000)
  object space 87552K, 26% used [0x00000000c0000000,0x00000000c1653ae8,0x00000000c5580000)
 Metaspace       used 6508K, capacity 7256K, committed 7424K, reserved 1056768K
  class space    used 623K, capacity 656K, committed 768K, reserved 1048576K
Event: 18.296 GC heap after
Heap after GC invocations=5 (full 0):
 PSYoungGen      total 138240K, used 5105K [0x00000000eab00000, 0x00000000fe600000, 0x0000000100000000)
  eden space 133120K, 0% used [0x00000000eab00000,0x00000000eab00000,0x00000000f2d00000)
  from space 5120K, 99% used [0x00000000f2d00000,0x00000000f31fc668,0x00000000f3200000)
  to   space 28160K, 0% used [0x00000000fca80000,0x00000000fca80000,0x00000000fe600000)
 ParOldGen       total 87552K, used 44015K [0x00000000c0000000, 0x00000000c5580000, 0x00000000eab00000)
  object space 87552K, 50% used [0x00000000c0000000,0x00000000c2afbc50,0x00000000c5580000)
 Metaspace       used 6508K, capacity 7256K, committed 7424K, reserved 1056768K
  class space    used 623K, capacity 656K, committed 768K, reserved 1048576K
}

Deoptimization events (10 events):
Event: 17.925 Thread 0x0000000016ed2800 Uncommon trap: reason=bimorphic action=maybe_recompile pc=0x000000000357e0f0 method=com.android.dx.cf.code.BytecodeArray.parseInstruction(ILcom/android/dx/cf/code/BytecodeArray$Visitor;)I @ 1161
Event: 17.925 Thread 0x0000000016ed2800 Uncommon trap: reason=bimorphic action=maybe_recompile pc=0x000000000357e0f0 method=com.android.dx.cf.code.BytecodeArray.parseInstruction(ILcom/android/dx/cf/code/BytecodeArray$Visitor;)I @ 1161
Event: 17.960 Thread 0x0000000016f24000 Uncommon trap: reason=unstable_if action=reinterpret pc=0x000000000329310c method=com.android.dx.ssa.MoveParamCombiner$1.visitNonMoveInsn(Lcom/android/dx/ssa/NormalSsaInsn;)V @ 27
Event: 17.973 Thread 0x00000000028ce000 Uncommon trap: reason=bimorphic action=maybe_recompile pc=0x00000000031cd724 method=com.android.dx.ssa.LiteralOpUpgrader.tryReplacingWithConstant(Lcom/android/dx/ssa/NormalSsaInsn;)Z @ 62
Event: 17.973 Thread 0x00000000028ce000 Uncommon trap: reason=unstable_if action=reinterpret pc=0x00000000033f7270 method=com.android.dx.ssa.LiteralOpUpgrader$1.visitNonMoveInsn(Lcom/android/dx/ssa/NormalSsaInsn;)V @ 24
Event: 17.980 Thread 0x00000000028ce000 Uncommon trap: reason=bimorphic action=maybe_recompile pc=0x00000000031cd724 method=com.android.dx.ssa.LiteralOpUpgrader.tryReplacingWithConstant(Lcom/android/dx/ssa/NormalSsaInsn;)Z @ 62
Event: 18.325 Thread 0x0000000016f33800 Uncommon trap: reason=unstable_if action=reinterpret pc=0x00000000034a4620 method=com.android.dx.ssa.SsaMethod.makeExitBlock()V @ 103
Event: 18.325 Thread 0x0000000016f33800 Uncommon trap: reason=unstable_if action=reinterpret pc=0x000000000306f430 method=com.android.dx.ssa.SsaMethod.getExitBlock()Lcom/android/dx/ssa/SsaBasicBlock; @ 4
Event: 18.325 Thread 0x0000000016f33800 Uncommon trap: reason=unstable_if action=reinterpret pc=0x0000000002f60fb4 method=com.android.dx.ssa.SsaMethod.getExitBlock()Lcom/android/dx/ssa/SsaBasicBlock; @ 4
Event: 18.329 Thread 0x0000000016f33800 Uncommon trap: reason=unstable_if action=reinterpret pc=0x00000000034a8bec method=com.android.dx.ssa.SsaMethod.getExitBlock()Lcom/android/dx/ssa/SsaBasicBlock; @ 4

Internal exceptions (10 events):
Event: 0.131 Thread 0x00000000028ce000 Exception <a 'java/lang/NoSuchMethodError': Method sun.misc.Unsafe.defineClass(Ljava/lang/String;[BII)Ljava/lang/Class; name or signature does not match> (0x00000000eab0d9a0) thrown at [C:\re\workspace\8-2-build-windows-amd64-cygwin\jdk8u71\5731\hotspot\srAÚÄ}Çº¿?
Event: 0.131 Thread 0x00000000028ce000 Exception <a 'java/lang/NoSuchMethodError': Method sun.misc.Unsafe.prefetchRead(Ljava/lang/Object;J)V name or signature does not match> (0x00000000eab0dc88) thrown at [C:\re\workspace\8-2-build-windows-amd64-cygwin\jdk8u71\5731\hotspot\src\share\vm\prims\j–o Á@
Event: 5.726 Thread 0x0000000016ed2800 Implicit null exception at 0x0000000002f287e2 to 0x0000000002f288e9
Event: 9.118 Thread 0x0000000016ed2000 Implicit null exception at 0x0000000002ef74e4 to 0x0000000002ef999d
Event: 9.118 Thread 0x0000000016ed2000 Implicit null exception at 0x0000000002efffc7 to 0x0000000002f01991
Event: 15.625 Thread 0x0000000016f33800 Implicit null exception at 0x0000000003273f5c to 0x0000000003275315
Event: 15.653 Thread 0x0000000016f33800 Implicit null exception at 0x00000000032bf89a to 0x00000000032c0e59
Event: 16.886 Thread 0x0000000016f33800 Exception <a 'java/lang/ArrayIndexOutOfBoundsException': 18> (0x00000000efeaf2d0) thrown at [C:\re\workspace\8-2-build-windows-amd64-cygwin\jdk8u71\5731\hotspot\src\share\vm\interpreter\interpreterRuntime.cpp, line 366]
Event: 16.886 Thread 0x0000000016f33800 Exception <a 'java/lang/ArrayIndexOutOfBoundsException': 145> (0x00000000efeb0e50) thrown at [C:\re\workspace\8-2-build-windows-amd64-cygwin\jdk8u71\5731\hotspot\src\share\vm\interpreter\interpreterRuntime.cpp, line 366]
Event: 17.421 Thread 0x0000000016f33800 Exception <a 'java/lang/ArrayIndexOutOfBoundsException'> (0x00000000efeb2138) thrown at [C:\re\workspace\8-2-build-windows-amd64-cygwin\jdk8u71\5731\hotspot\src\share\vm\runtime\sharedRuntime.cpp, line 605]

Events (10 events):
Event: 18.365 Thread 0x00000000153ac800 flushing nmethod 0x000000000309c850
Event: 18.365 Thread 0x00000000153ac800 flushing nmethod 0x00000000030a2010
Event: 18.365 Thread 0x00000000153ac800 flushing nmethod 0x00000000030a2890
Event: 18.365 Thread 0x00000000153ac800 flushing nmethod 0x00000000030b1590
Event: 18.365 Thread 0x00000000153ac800 flushing nmethod 0x00000000030b3ad0
Event: 18.365 Thread 0x00000000153ac800 flushing nmethod 0x00000000030c5790
Event: 18.365 Thread 0x00000000153ac800 flushing nmethod 0x00000000030c5f50
Event: 18.365 Thread 0x00000000153ac800 flushing nmethod 0x00000000030dbe90
Event: 18.365 Thread 0x00000000153ac800 flushing nmethod 0x00000000030e2890
Event: 18.365 Thread 0x00000000153ac800 flushing nmethod 0x00000000030e5f90


Dynamic libraries:
0x00007ff641170000 - 0x00007ff6411a7000 	C:\Program Files\Java\jdk1.8.0_71\bin\java.exe
0x00007ffd6ef70000 - 0x00007ffd6f131000 	C:\WINDOWS\SYSTEM32\ntdll.dll
0x00007ffd6e510000 - 0x00007ffd6e5bd000 	C:\WINDOWS\system32\KERNEL32.DLL
0x00007ffd6b620000 - 0x00007ffd6b808000 	C:\WINDOWS\system32\KERNELBASE.dll
0x00007ffd6c370000 - 0x00007ffd6c417000 	C:\WINDOWS\system32\ADVAPI32.dll
0x00007ffd6ec40000 - 0x00007ffd6ecdd000 	C:\WINDOWS\system32\msvcrt.dll
0x00007ffd6e0b0000 - 0x00007ffd6e10b000 	C:\WINDOWS\system32\sechost.dll
0x00007ffd6e340000 - 0x00007ffd6e45c000 	C:\WINDOWS\system32\RPCRT4.dll
0x00007ffd6df50000 - 0x00007ffd6e0a6000 	C:\WINDOWS\system32\USER32.dll
0x00007ffd6dc10000 - 0x00007ffd6dd96000 	C:\WINDOWS\system32\GDI32.dll
0x00007ffd5f640000 - 0x00007ffd5f8b4000 	C:\WINDOWS\WinSxS\amd64_microsoft.windows.common-controls_6595b64144ccf1df_6.0.10586.494_none_a2d8b04ea53e3145\COMCTL32.dll
0x00007ffd6ecf0000 - 0x00007ffd6ef6d000 	C:\WINDOWS\system32\combase.dll
0x00007ffd6b890000 - 0x00007ffd6b8fa000 	C:\WINDOWS\system32\bcryptPrimitives.dll
0x00007ffd6ea00000 - 0x00007ffd6ea3b000 	C:\WINDOWS\system32\IMM32.DLL
0x000000006eae0000 - 0x000000006ebb2000 	C:\Program Files\Java\jdk1.8.0_71\jre\bin\msvcr100.dll
0x000000006efa0000 - 0x000000006f82f000 	C:\Program Files\Java\jdk1.8.0_71\jre\bin\server\jvm.dll
0x00007ffd6ece0000 - 0x00007ffd6ece8000 	C:\WINDOWS\system32\PSAPI.DLL
0x00007ffd5d3c0000 - 0x00007ffd5d3c9000 	C:\WINDOWS\SYSTEM32\WSOCK32.dll
0x00007ffd6ebd0000 - 0x00007ffd6ec3b000 	C:\WINDOWS\system32\WS2_32.dll
0x00007ffd69c90000 - 0x00007ffd69cb3000 	C:\WINDOWS\SYSTEM32\WINMM.dll
0x00007ffd5d360000 - 0x00007ffd5d36a000 	C:\WINDOWS\SYSTEM32\VERSION.dll
0x00007ffd69c30000 - 0x00007ffd69c5c000 	C:\WINDOWS\SYSTEM32\WINMMBASE.dll
0x00007ffd6bb80000 - 0x00007ffd6bbc3000 	C:\WINDOWS\system32\cfgmgr32.dll
0x000000006ef90000 - 0x000000006ef9f000 	C:\Program Files\Java\jdk1.8.0_71\jre\bin\verify.dll
0x000000006ef60000 - 0x000000006ef89000 	C:\Program Files\Java\jdk1.8.0_71\jre\bin\java.dll
0x000000006ef40000 - 0x000000006ef56000 	C:\Program Files\Java\jdk1.8.0_71\jre\bin\zip.dll
0x00007ffd6c580000 - 0x00007ffd6dadc000 	C:\WINDOWS\system32\SHELL32.dll
0x00007ffd6bbd0000 - 0x00007ffd6c215000 	C:\WINDOWS\system32\windows.storage.dll
0x00007ffd6e110000 - 0x00007ffd6e162000 	C:\WINDOWS\system32\shlwapi.dll
0x00007ffd6b610000 - 0x00007ffd6b61f000 	C:\WINDOWS\system32\kernel.appcore.dll
0x00007ffd6c2b0000 - 0x00007ffd6c365000 	C:\WINDOWS\system32\shcore.dll
0x00007ffd6b5c0000 - 0x00007ffd6b60b000 	C:\WINDOWS\system32\powrprof.dll
0x00007ffd6b5a0000 - 0x00007ffd6b5b4000 	C:\WINDOWS\system32\profapi.dll

VM Arguments:
jvm_args: -Djava.awt.headless=true -Xmx1024M -Dfile.encoding=windows-1252 -Duser.country=US -Duser.language=en -Duser.variant 
java_command: com.android.dx.command.Main --dex --force-jumbo --num-threads=4 --multi-dex --output C:\Users\sfene_000\AndroidStudioProjects\Project_eCourage\app\build\intermediates\transforms\dex\debug\folders\1000\10\com.android.support-support-v4-24.0.0_8f35f290fd30edfac89b03a4b7a54c4c06168d49 C:\Users\sfene_000\AndroidStudioProjects\Project_eCourage\app\build\intermediates\exploded-aar\com.android.support\support-v4\24.0.0\jars\classes.jar
java_class_path (initial): C:\Users\sfene_000\AppData\Local\Android\sdk\build-tools\24.0.0\lib\dx.jar
Launcher Type: SUN_STANDARD

Environment Variables:
PATH=C:\Program Files\PHP\v7.0;C:\ProgramData\Oracle\Java\javapath;C:\Program Files (x86)\Intel\iCLS Client\;C:\Program Files\Intel\iCLS Client\;C:\WINDOWS\system32;C:\WINDOWS;C:\WINDOWS\System32\Wbem;C:\WINDOWS\System32\WindowsPowerShell\v1.0\;C:\Program Files\Intel\Intel(R) Management Engine Components\DAL;C:\Program Files\Intel\Intel(R) Management Engine Components\IPT;C:\Program Files (x86)\Intel\Intel(R) Management Engine Components\DAL;C:\Program Files (x86)\Intel\Intel(R) Management Engine Components\IPT;C:\Program Files\Intel\WiFi\bin\;C:\Program Files\Common Files\Intel\WirelessCommon\;C:\Program Files (x86)\QuickTime\QTSystem\;C:\Program Files (x86)\GtkSharp\2.12\bin;C:\Program Files (x86)\Skype\Phone\;C:\Program Files\Git\cmd;C:\Program Files\Microsoft\Web Platform Installer\;C:\Program Files\nodejs\;C:\Program Files (x86)\Heroku\bin;C:\Program Files (x86)\git\cmd;C:\Program Files (x86)\Git\cmd;C:\Users\sfene_000\AppData\Roaming\npm
USERNAME=sfene_000
OS=Windows_NT
PROCESSOR_IDENTIFIER=Intel64 Family 6 Model 69 Stepping 1, GenuineIntel



---------------  S Y S T E M  ---------------

OS: Windows 10.0 , 64 bit Build 10586 (10.0.10586.0)

CPU:total 4 (2 cores per cpu, 2 threads per core) family 6 model 69 stepping 1, cmov, cx8, fxsr, mmx, sse, sse2, sse3, ssse3, sse4.1, sse4.2, popcnt, avx, avx2, aes, clmul, erms, lzcnt, ht, tsc, tscinvbit, bmi1, bmi2

Memory: 4k page, physical 8301524k(1195428k free), swap 10256340k(6340k free)

vm_info: Java HotSpot(TM) 64-Bit Server VM (25.71-b15) for windows-amd64 JRE (1.8.0_71-b15), built on Dec 22 2015 18:15:55 by "java_re" with MS VC++ 10.0 (VS2010)

time: Fri Jul 29 11:42:40 2016
elapsed time: 18 seconds (0d 0h 0m 18s)

